[2024-10-30T22:32:31.825+0000] {processor.py:186} INFO - Started process (PID=17502) to work on /opt/airflow/dags/connection.py
[2024-10-30T22:32:31.826+0000] {processor.py:914} INFO - Processing file /opt/airflow/dags/connection.py for tasks to queue
[2024-10-30T22:32:31.828+0000] {logging_mixin.py:190} INFO - [2024-10-30T22:32:31.828+0000] {dagbag.py:588} INFO - Filling up the DagBag from /opt/airflow/dags/connection.py
[2024-10-30T22:32:31.843+0000] {processor.py:925} INFO - DAG(s) 'test_connection_dag_v4' retrieved from /opt/airflow/dags/connection.py
[2024-10-30T22:32:31.867+0000] {logging_mixin.py:190} INFO - [2024-10-30T22:32:31.866+0000] {dag.py:3239} INFO - Sync 1 DAGs
[2024-10-30T22:32:31.900+0000] {logging_mixin.py:190} INFO - [2024-10-30T22:32:31.899+0000] {dag.py:4180} INFO - Setting next_dagrun for test_connection_dag_v4 to 2024-10-24 00:00:00+00:00, run_after=2024-10-25 00:00:00+00:00
[2024-10-30T22:32:31.923+0000] {processor.py:208} INFO - Processing /opt/airflow/dags/connection.py took 0.104 seconds
[2024-10-30T22:33:02.398+0000] {processor.py:186} INFO - Started process (PID=17548) to work on /opt/airflow/dags/connection.py
[2024-10-30T22:33:02.400+0000] {processor.py:914} INFO - Processing file /opt/airflow/dags/connection.py for tasks to queue
[2024-10-30T22:33:02.402+0000] {logging_mixin.py:190} INFO - [2024-10-30T22:33:02.401+0000] {dagbag.py:588} INFO - Filling up the DagBag from /opt/airflow/dags/connection.py
[2024-10-30T22:33:02.414+0000] {processor.py:925} INFO - DAG(s) 'test_connection_dag_v4' retrieved from /opt/airflow/dags/connection.py
[2024-10-30T22:33:02.436+0000] {logging_mixin.py:190} INFO - [2024-10-30T22:33:02.436+0000] {dag.py:3239} INFO - Sync 1 DAGs
[2024-10-30T22:33:02.465+0000] {logging_mixin.py:190} INFO - [2024-10-30T22:33:02.464+0000] {dag.py:4180} INFO - Setting next_dagrun for test_connection_dag_v4 to 2024-10-24 00:00:00+00:00, run_after=2024-10-25 00:00:00+00:00
[2024-10-30T22:33:02.487+0000] {processor.py:208} INFO - Processing /opt/airflow/dags/connection.py took 0.095 seconds
[2024-10-30T22:33:33.068+0000] {processor.py:186} INFO - Started process (PID=17594) to work on /opt/airflow/dags/connection.py
[2024-10-30T22:33:33.069+0000] {processor.py:914} INFO - Processing file /opt/airflow/dags/connection.py for tasks to queue
[2024-10-30T22:33:33.071+0000] {logging_mixin.py:190} INFO - [2024-10-30T22:33:33.071+0000] {dagbag.py:588} INFO - Filling up the DagBag from /opt/airflow/dags/connection.py
[2024-10-30T22:33:33.086+0000] {processor.py:925} INFO - DAG(s) 'test_connection_dag_v4' retrieved from /opt/airflow/dags/connection.py
[2024-10-30T22:33:33.110+0000] {logging_mixin.py:190} INFO - [2024-10-30T22:33:33.110+0000] {dag.py:3239} INFO - Sync 1 DAGs
[2024-10-30T22:33:33.138+0000] {logging_mixin.py:190} INFO - [2024-10-30T22:33:33.138+0000] {dag.py:4180} INFO - Setting next_dagrun for test_connection_dag_v4 to 2024-10-24 00:00:00+00:00, run_after=2024-10-25 00:00:00+00:00
[2024-10-30T22:33:33.159+0000] {processor.py:208} INFO - Processing /opt/airflow/dags/connection.py took 0.097 seconds
[2024-10-30T22:34:03.637+0000] {processor.py:186} INFO - Started process (PID=17640) to work on /opt/airflow/dags/connection.py
[2024-10-30T22:34:03.638+0000] {processor.py:914} INFO - Processing file /opt/airflow/dags/connection.py for tasks to queue
[2024-10-30T22:34:03.639+0000] {logging_mixin.py:190} INFO - [2024-10-30T22:34:03.639+0000] {dagbag.py:588} INFO - Filling up the DagBag from /opt/airflow/dags/connection.py
[2024-10-30T22:34:03.653+0000] {processor.py:925} INFO - DAG(s) 'test_connection_dag_v4' retrieved from /opt/airflow/dags/connection.py
[2024-10-30T22:34:03.676+0000] {logging_mixin.py:190} INFO - [2024-10-30T22:34:03.676+0000] {dag.py:3239} INFO - Sync 1 DAGs
[2024-10-30T22:34:03.701+0000] {logging_mixin.py:190} INFO - [2024-10-30T22:34:03.701+0000] {dag.py:4180} INFO - Setting next_dagrun for test_connection_dag_v4 to 2024-10-24 00:00:00+00:00, run_after=2024-10-25 00:00:00+00:00
[2024-10-30T22:34:03.722+0000] {processor.py:208} INFO - Processing /opt/airflow/dags/connection.py took 0.091 seconds
[2024-10-30T22:34:34.292+0000] {processor.py:186} INFO - Started process (PID=17686) to work on /opt/airflow/dags/connection.py
[2024-10-30T22:34:34.294+0000] {processor.py:914} INFO - Processing file /opt/airflow/dags/connection.py for tasks to queue
[2024-10-30T22:34:34.296+0000] {logging_mixin.py:190} INFO - [2024-10-30T22:34:34.296+0000] {dagbag.py:588} INFO - Filling up the DagBag from /opt/airflow/dags/connection.py
[2024-10-30T22:34:34.312+0000] {processor.py:925} INFO - DAG(s) 'test_connection_dag_v4' retrieved from /opt/airflow/dags/connection.py
[2024-10-30T22:34:34.343+0000] {logging_mixin.py:190} INFO - [2024-10-30T22:34:34.343+0000] {dag.py:3239} INFO - Sync 1 DAGs
[2024-10-30T22:34:34.370+0000] {logging_mixin.py:190} INFO - [2024-10-30T22:34:34.370+0000] {dag.py:4180} INFO - Setting next_dagrun for test_connection_dag_v4 to 2024-10-24 00:00:00+00:00, run_after=2024-10-25 00:00:00+00:00
[2024-10-30T22:34:34.397+0000] {processor.py:208} INFO - Processing /opt/airflow/dags/connection.py took 0.111 seconds
[2024-10-30T22:35:05.018+0000] {processor.py:186} INFO - Started process (PID=17732) to work on /opt/airflow/dags/connection.py
[2024-10-30T22:35:05.020+0000] {processor.py:914} INFO - Processing file /opt/airflow/dags/connection.py for tasks to queue
[2024-10-30T22:35:05.021+0000] {logging_mixin.py:190} INFO - [2024-10-30T22:35:05.021+0000] {dagbag.py:588} INFO - Filling up the DagBag from /opt/airflow/dags/connection.py
[2024-10-30T22:35:05.036+0000] {processor.py:925} INFO - DAG(s) 'test_connection_dag_v4' retrieved from /opt/airflow/dags/connection.py
[2024-10-30T22:35:05.057+0000] {logging_mixin.py:190} INFO - [2024-10-30T22:35:05.057+0000] {dag.py:3239} INFO - Sync 1 DAGs
[2024-10-30T22:35:05.083+0000] {logging_mixin.py:190} INFO - [2024-10-30T22:35:05.082+0000] {dag.py:4180} INFO - Setting next_dagrun for test_connection_dag_v4 to 2024-10-24 00:00:00+00:00, run_after=2024-10-25 00:00:00+00:00
[2024-10-30T22:35:05.105+0000] {processor.py:208} INFO - Processing /opt/airflow/dags/connection.py took 0.093 seconds
[2024-10-30T22:35:35.678+0000] {processor.py:186} INFO - Started process (PID=17778) to work on /opt/airflow/dags/connection.py
[2024-10-30T22:35:35.680+0000] {processor.py:914} INFO - Processing file /opt/airflow/dags/connection.py for tasks to queue
[2024-10-30T22:35:35.682+0000] {logging_mixin.py:190} INFO - [2024-10-30T22:35:35.682+0000] {dagbag.py:588} INFO - Filling up the DagBag from /opt/airflow/dags/connection.py
[2024-10-30T22:35:35.697+0000] {processor.py:925} INFO - DAG(s) 'test_connection_dag_v4' retrieved from /opt/airflow/dags/connection.py
[2024-10-30T22:35:35.721+0000] {logging_mixin.py:190} INFO - [2024-10-30T22:35:35.721+0000] {dag.py:3239} INFO - Sync 1 DAGs
[2024-10-30T22:35:35.746+0000] {logging_mixin.py:190} INFO - [2024-10-30T22:35:35.746+0000] {dag.py:4180} INFO - Setting next_dagrun for test_connection_dag_v4 to 2024-10-24 00:00:00+00:00, run_after=2024-10-25 00:00:00+00:00
[2024-10-30T22:35:35.766+0000] {processor.py:208} INFO - Processing /opt/airflow/dags/connection.py took 0.095 seconds
[2024-10-30T22:36:06.332+0000] {processor.py:186} INFO - Started process (PID=17824) to work on /opt/airflow/dags/connection.py
[2024-10-30T22:36:06.333+0000] {processor.py:914} INFO - Processing file /opt/airflow/dags/connection.py for tasks to queue
[2024-10-30T22:36:06.334+0000] {logging_mixin.py:190} INFO - [2024-10-30T22:36:06.334+0000] {dagbag.py:588} INFO - Filling up the DagBag from /opt/airflow/dags/connection.py
[2024-10-30T22:36:06.347+0000] {processor.py:925} INFO - DAG(s) 'test_connection_dag_v4' retrieved from /opt/airflow/dags/connection.py
[2024-10-30T22:36:06.371+0000] {logging_mixin.py:190} INFO - [2024-10-30T22:36:06.371+0000] {dag.py:3239} INFO - Sync 1 DAGs
[2024-10-30T22:36:06.398+0000] {logging_mixin.py:190} INFO - [2024-10-30T22:36:06.398+0000] {dag.py:4180} INFO - Setting next_dagrun for test_connection_dag_v4 to 2024-10-24 00:00:00+00:00, run_after=2024-10-25 00:00:00+00:00
[2024-10-30T22:36:06.418+0000] {processor.py:208} INFO - Processing /opt/airflow/dags/connection.py took 0.092 seconds
[2024-10-30T22:36:36.989+0000] {processor.py:186} INFO - Started process (PID=17870) to work on /opt/airflow/dags/connection.py
[2024-10-30T22:36:36.990+0000] {processor.py:914} INFO - Processing file /opt/airflow/dags/connection.py for tasks to queue
[2024-10-30T22:36:36.993+0000] {logging_mixin.py:190} INFO - [2024-10-30T22:36:36.992+0000] {dagbag.py:588} INFO - Filling up the DagBag from /opt/airflow/dags/connection.py
[2024-10-30T22:36:37.007+0000] {processor.py:925} INFO - DAG(s) 'test_connection_dag_v4' retrieved from /opt/airflow/dags/connection.py
[2024-10-30T22:36:37.031+0000] {logging_mixin.py:190} INFO - [2024-10-30T22:36:37.031+0000] {dag.py:3239} INFO - Sync 1 DAGs
[2024-10-30T22:36:37.056+0000] {logging_mixin.py:190} INFO - [2024-10-30T22:36:37.056+0000] {dag.py:4180} INFO - Setting next_dagrun for test_connection_dag_v4 to 2024-10-24 00:00:00+00:00, run_after=2024-10-25 00:00:00+00:00
[2024-10-30T22:36:37.076+0000] {processor.py:208} INFO - Processing /opt/airflow/dags/connection.py took 0.094 seconds
