[2024-10-30T22:32:31.961+0000] {processor.py:186} INFO - Started process (PID=17512) to work on /opt/airflow/dags/dag_with_catchup_and_backfill.py
[2024-10-30T22:32:31.963+0000] {processor.py:914} INFO - Processing file /opt/airflow/dags/dag_with_catchup_and_backfill.py for tasks to queue
[2024-10-30T22:32:31.965+0000] {logging_mixin.py:190} INFO - [2024-10-30T22:32:31.964+0000] {dagbag.py:588} INFO - Filling up the DagBag from /opt/airflow/dags/dag_with_catchup_and_backfill.py
[2024-10-30T22:32:31.983+0000] {processor.py:925} INFO - DAG(s) 'dag_with_catchup_and_backfill' retrieved from /opt/airflow/dags/dag_with_catchup_and_backfill.py
[2024-10-30T22:32:32.004+0000] {logging_mixin.py:190} INFO - [2024-10-30T22:32:32.004+0000] {dag.py:3239} INFO - Sync 1 DAGs
[2024-10-30T22:32:32.031+0000] {logging_mixin.py:190} INFO - [2024-10-30T22:32:32.030+0000] {dag.py:4180} INFO - Setting next_dagrun for dag_with_catchup_and_backfill to 2024-10-29 00:00:00+00:00, run_after=2024-10-30 00:00:00+00:00
[2024-10-30T22:32:32.051+0000] {processor.py:208} INFO - Processing /opt/airflow/dags/dag_with_catchup_and_backfill.py took 0.095 seconds
[2024-10-30T22:33:02.521+0000] {processor.py:186} INFO - Started process (PID=17558) to work on /opt/airflow/dags/dag_with_catchup_and_backfill.py
[2024-10-30T22:33:02.523+0000] {processor.py:914} INFO - Processing file /opt/airflow/dags/dag_with_catchup_and_backfill.py for tasks to queue
[2024-10-30T22:33:02.525+0000] {logging_mixin.py:190} INFO - [2024-10-30T22:33:02.525+0000] {dagbag.py:588} INFO - Filling up the DagBag from /opt/airflow/dags/dag_with_catchup_and_backfill.py
[2024-10-30T22:33:02.537+0000] {processor.py:925} INFO - DAG(s) 'dag_with_catchup_and_backfill' retrieved from /opt/airflow/dags/dag_with_catchup_and_backfill.py
[2024-10-30T22:33:02.559+0000] {logging_mixin.py:190} INFO - [2024-10-30T22:33:02.559+0000] {dag.py:3239} INFO - Sync 1 DAGs
[2024-10-30T22:33:02.583+0000] {logging_mixin.py:190} INFO - [2024-10-30T22:33:02.582+0000] {dag.py:4180} INFO - Setting next_dagrun for dag_with_catchup_and_backfill to 2024-10-29 00:00:00+00:00, run_after=2024-10-30 00:00:00+00:00
[2024-10-30T22:33:02.603+0000] {processor.py:208} INFO - Processing /opt/airflow/dags/dag_with_catchup_and_backfill.py took 0.087 seconds
[2024-10-30T22:33:33.197+0000] {processor.py:186} INFO - Started process (PID=17604) to work on /opt/airflow/dags/dag_with_catchup_and_backfill.py
[2024-10-30T22:33:33.198+0000] {processor.py:914} INFO - Processing file /opt/airflow/dags/dag_with_catchup_and_backfill.py for tasks to queue
[2024-10-30T22:33:33.200+0000] {logging_mixin.py:190} INFO - [2024-10-30T22:33:33.200+0000] {dagbag.py:588} INFO - Filling up the DagBag from /opt/airflow/dags/dag_with_catchup_and_backfill.py
[2024-10-30T22:33:33.213+0000] {processor.py:925} INFO - DAG(s) 'dag_with_catchup_and_backfill' retrieved from /opt/airflow/dags/dag_with_catchup_and_backfill.py
[2024-10-30T22:33:33.235+0000] {logging_mixin.py:190} INFO - [2024-10-30T22:33:33.235+0000] {dag.py:3239} INFO - Sync 1 DAGs
[2024-10-30T22:33:33.264+0000] {logging_mixin.py:190} INFO - [2024-10-30T22:33:33.264+0000] {dag.py:4180} INFO - Setting next_dagrun for dag_with_catchup_and_backfill to 2024-10-29 00:00:00+00:00, run_after=2024-10-30 00:00:00+00:00
[2024-10-30T22:33:33.287+0000] {processor.py:208} INFO - Processing /opt/airflow/dags/dag_with_catchup_and_backfill.py took 0.096 seconds
[2024-10-30T22:34:03.755+0000] {processor.py:186} INFO - Started process (PID=17650) to work on /opt/airflow/dags/dag_with_catchup_and_backfill.py
[2024-10-30T22:34:03.757+0000] {processor.py:914} INFO - Processing file /opt/airflow/dags/dag_with_catchup_and_backfill.py for tasks to queue
[2024-10-30T22:34:03.759+0000] {logging_mixin.py:190} INFO - [2024-10-30T22:34:03.758+0000] {dagbag.py:588} INFO - Filling up the DagBag from /opt/airflow/dags/dag_with_catchup_and_backfill.py
[2024-10-30T22:34:03.772+0000] {processor.py:925} INFO - DAG(s) 'dag_with_catchup_and_backfill' retrieved from /opt/airflow/dags/dag_with_catchup_and_backfill.py
[2024-10-30T22:34:03.792+0000] {logging_mixin.py:190} INFO - [2024-10-30T22:34:03.792+0000] {dag.py:3239} INFO - Sync 1 DAGs
[2024-10-30T22:34:03.817+0000] {logging_mixin.py:190} INFO - [2024-10-30T22:34:03.817+0000] {dag.py:4180} INFO - Setting next_dagrun for dag_with_catchup_and_backfill to 2024-10-29 00:00:00+00:00, run_after=2024-10-30 00:00:00+00:00
[2024-10-30T22:34:03.834+0000] {processor.py:208} INFO - Processing /opt/airflow/dags/dag_with_catchup_and_backfill.py took 0.085 seconds
[2024-10-30T22:34:34.431+0000] {processor.py:186} INFO - Started process (PID=17696) to work on /opt/airflow/dags/dag_with_catchup_and_backfill.py
[2024-10-30T22:34:34.432+0000] {processor.py:914} INFO - Processing file /opt/airflow/dags/dag_with_catchup_and_backfill.py for tasks to queue
[2024-10-30T22:34:34.434+0000] {logging_mixin.py:190} INFO - [2024-10-30T22:34:34.434+0000] {dagbag.py:588} INFO - Filling up the DagBag from /opt/airflow/dags/dag_with_catchup_and_backfill.py
[2024-10-30T22:34:34.448+0000] {processor.py:925} INFO - DAG(s) 'dag_with_catchup_and_backfill' retrieved from /opt/airflow/dags/dag_with_catchup_and_backfill.py
[2024-10-30T22:34:34.470+0000] {logging_mixin.py:190} INFO - [2024-10-30T22:34:34.469+0000] {dag.py:3239} INFO - Sync 1 DAGs
[2024-10-30T22:34:34.495+0000] {logging_mixin.py:190} INFO - [2024-10-30T22:34:34.495+0000] {dag.py:4180} INFO - Setting next_dagrun for dag_with_catchup_and_backfill to 2024-10-29 00:00:00+00:00, run_after=2024-10-30 00:00:00+00:00
[2024-10-30T22:34:34.517+0000] {processor.py:208} INFO - Processing /opt/airflow/dags/dag_with_catchup_and_backfill.py took 0.092 seconds
[2024-10-30T22:35:05.139+0000] {processor.py:186} INFO - Started process (PID=17742) to work on /opt/airflow/dags/dag_with_catchup_and_backfill.py
[2024-10-30T22:35:05.140+0000] {processor.py:914} INFO - Processing file /opt/airflow/dags/dag_with_catchup_and_backfill.py for tasks to queue
[2024-10-30T22:35:05.142+0000] {logging_mixin.py:190} INFO - [2024-10-30T22:35:05.142+0000] {dagbag.py:588} INFO - Filling up the DagBag from /opt/airflow/dags/dag_with_catchup_and_backfill.py
[2024-10-30T22:35:05.157+0000] {processor.py:925} INFO - DAG(s) 'dag_with_catchup_and_backfill' retrieved from /opt/airflow/dags/dag_with_catchup_and_backfill.py
[2024-10-30T22:35:05.184+0000] {logging_mixin.py:190} INFO - [2024-10-30T22:35:05.184+0000] {dag.py:3239} INFO - Sync 1 DAGs
[2024-10-30T22:35:05.215+0000] {logging_mixin.py:190} INFO - [2024-10-30T22:35:05.214+0000] {dag.py:4180} INFO - Setting next_dagrun for dag_with_catchup_and_backfill to 2024-10-29 00:00:00+00:00, run_after=2024-10-30 00:00:00+00:00
[2024-10-30T22:35:05.236+0000] {processor.py:208} INFO - Processing /opt/airflow/dags/dag_with_catchup_and_backfill.py took 0.103 seconds
[2024-10-30T22:35:35.799+0000] {processor.py:186} INFO - Started process (PID=17788) to work on /opt/airflow/dags/dag_with_catchup_and_backfill.py
[2024-10-30T22:35:35.800+0000] {processor.py:914} INFO - Processing file /opt/airflow/dags/dag_with_catchup_and_backfill.py for tasks to queue
[2024-10-30T22:35:35.803+0000] {logging_mixin.py:190} INFO - [2024-10-30T22:35:35.802+0000] {dagbag.py:588} INFO - Filling up the DagBag from /opt/airflow/dags/dag_with_catchup_and_backfill.py
[2024-10-30T22:35:35.815+0000] {processor.py:925} INFO - DAG(s) 'dag_with_catchup_and_backfill' retrieved from /opt/airflow/dags/dag_with_catchup_and_backfill.py
[2024-10-30T22:35:35.835+0000] {logging_mixin.py:190} INFO - [2024-10-30T22:35:35.835+0000] {dag.py:3239} INFO - Sync 1 DAGs
[2024-10-30T22:35:35.859+0000] {logging_mixin.py:190} INFO - [2024-10-30T22:35:35.859+0000] {dag.py:4180} INFO - Setting next_dagrun for dag_with_catchup_and_backfill to 2024-10-29 00:00:00+00:00, run_after=2024-10-30 00:00:00+00:00
[2024-10-30T22:35:35.879+0000] {processor.py:208} INFO - Processing /opt/airflow/dags/dag_with_catchup_and_backfill.py took 0.085 seconds
[2024-10-30T22:36:06.453+0000] {processor.py:186} INFO - Started process (PID=17834) to work on /opt/airflow/dags/dag_with_catchup_and_backfill.py
[2024-10-30T22:36:06.454+0000] {processor.py:914} INFO - Processing file /opt/airflow/dags/dag_with_catchup_and_backfill.py for tasks to queue
[2024-10-30T22:36:06.456+0000] {logging_mixin.py:190} INFO - [2024-10-30T22:36:06.456+0000] {dagbag.py:588} INFO - Filling up the DagBag from /opt/airflow/dags/dag_with_catchup_and_backfill.py
[2024-10-30T22:36:06.472+0000] {processor.py:925} INFO - DAG(s) 'dag_with_catchup_and_backfill' retrieved from /opt/airflow/dags/dag_with_catchup_and_backfill.py
[2024-10-30T22:36:06.494+0000] {logging_mixin.py:190} INFO - [2024-10-30T22:36:06.494+0000] {dag.py:3239} INFO - Sync 1 DAGs
[2024-10-30T22:36:06.518+0000] {logging_mixin.py:190} INFO - [2024-10-30T22:36:06.518+0000] {dag.py:4180} INFO - Setting next_dagrun for dag_with_catchup_and_backfill to 2024-10-29 00:00:00+00:00, run_after=2024-10-30 00:00:00+00:00
[2024-10-30T22:36:06.538+0000] {processor.py:208} INFO - Processing /opt/airflow/dags/dag_with_catchup_and_backfill.py took 0.090 seconds
[2024-10-30T22:36:37.108+0000] {processor.py:186} INFO - Started process (PID=17880) to work on /opt/airflow/dags/dag_with_catchup_and_backfill.py
[2024-10-30T22:36:37.109+0000] {processor.py:914} INFO - Processing file /opt/airflow/dags/dag_with_catchup_and_backfill.py for tasks to queue
[2024-10-30T22:36:37.111+0000] {logging_mixin.py:190} INFO - [2024-10-30T22:36:37.110+0000] {dagbag.py:588} INFO - Filling up the DagBag from /opt/airflow/dags/dag_with_catchup_and_backfill.py
[2024-10-30T22:36:37.124+0000] {processor.py:925} INFO - DAG(s) 'dag_with_catchup_and_backfill' retrieved from /opt/airflow/dags/dag_with_catchup_and_backfill.py
[2024-10-30T22:36:37.144+0000] {logging_mixin.py:190} INFO - [2024-10-30T22:36:37.144+0000] {dag.py:3239} INFO - Sync 1 DAGs
[2024-10-30T22:36:37.167+0000] {logging_mixin.py:190} INFO - [2024-10-30T22:36:37.167+0000] {dag.py:4180} INFO - Setting next_dagrun for dag_with_catchup_and_backfill to 2024-10-29 00:00:00+00:00, run_after=2024-10-30 00:00:00+00:00
[2024-10-30T22:36:37.186+0000] {processor.py:208} INFO - Processing /opt/airflow/dags/dag_with_catchup_and_backfill.py took 0.083 seconds
