[2024-10-30T22:32:31.978+0000] {processor.py:186} INFO - Started process (PID=17515) to work on /opt/airflow/dags/dag_with_taskflow_api.py
[2024-10-30T22:32:31.981+0000] {processor.py:914} INFO - Processing file /opt/airflow/dags/dag_with_taskflow_api.py for tasks to queue
[2024-10-30T22:32:31.983+0000] {logging_mixin.py:190} INFO - [2024-10-30T22:32:31.982+0000] {dagbag.py:588} INFO - Filling up the DagBag from /opt/airflow/dags/dag_with_taskflow_api.py
[2024-10-30T22:32:31.998+0000] {processor.py:925} INFO - DAG(s) 'dag_with_taskflow_api_v1' retrieved from /opt/airflow/dags/dag_with_taskflow_api.py
[2024-10-30T22:32:32.020+0000] {logging_mixin.py:190} INFO - [2024-10-30T22:32:32.020+0000] {dag.py:3239} INFO - Sync 1 DAGs
[2024-10-30T22:32:32.044+0000] {logging_mixin.py:190} INFO - [2024-10-30T22:32:32.044+0000] {dag.py:4180} INFO - Setting next_dagrun for dag_with_taskflow_api_v1 to 2024-10-21 00:00:00+00:00, run_after=2024-10-22 00:00:00+00:00
[2024-10-30T22:32:32.064+0000] {processor.py:208} INFO - Processing /opt/airflow/dags/dag_with_taskflow_api.py took 0.092 seconds
[2024-10-30T22:33:02.637+0000] {processor.py:186} INFO - Started process (PID=17563) to work on /opt/airflow/dags/dag_with_taskflow_api.py
[2024-10-30T22:33:02.638+0000] {processor.py:914} INFO - Processing file /opt/airflow/dags/dag_with_taskflow_api.py for tasks to queue
[2024-10-30T22:33:02.639+0000] {logging_mixin.py:190} INFO - [2024-10-30T22:33:02.639+0000] {dagbag.py:588} INFO - Filling up the DagBag from /opt/airflow/dags/dag_with_taskflow_api.py
[2024-10-30T22:33:02.655+0000] {processor.py:925} INFO - DAG(s) 'dag_with_taskflow_api_v1' retrieved from /opt/airflow/dags/dag_with_taskflow_api.py
[2024-10-30T22:33:02.678+0000] {logging_mixin.py:190} INFO - [2024-10-30T22:33:02.678+0000] {dag.py:3239} INFO - Sync 1 DAGs
[2024-10-30T22:33:02.702+0000] {logging_mixin.py:190} INFO - [2024-10-30T22:33:02.701+0000] {dag.py:4180} INFO - Setting next_dagrun for dag_with_taskflow_api_v1 to 2024-10-21 00:00:00+00:00, run_after=2024-10-22 00:00:00+00:00
[2024-10-30T22:33:02.720+0000] {processor.py:208} INFO - Processing /opt/airflow/dags/dag_with_taskflow_api.py took 0.089 seconds
[2024-10-30T22:33:33.214+0000] {processor.py:186} INFO - Started process (PID=17607) to work on /opt/airflow/dags/dag_with_taskflow_api.py
[2024-10-30T22:33:33.215+0000] {processor.py:914} INFO - Processing file /opt/airflow/dags/dag_with_taskflow_api.py for tasks to queue
[2024-10-30T22:33:33.216+0000] {logging_mixin.py:190} INFO - [2024-10-30T22:33:33.216+0000] {dagbag.py:588} INFO - Filling up the DagBag from /opt/airflow/dags/dag_with_taskflow_api.py
[2024-10-30T22:33:33.232+0000] {processor.py:925} INFO - DAG(s) 'dag_with_taskflow_api_v1' retrieved from /opt/airflow/dags/dag_with_taskflow_api.py
[2024-10-30T22:33:33.258+0000] {logging_mixin.py:190} INFO - [2024-10-30T22:33:33.257+0000] {dag.py:3239} INFO - Sync 1 DAGs
[2024-10-30T22:33:33.283+0000] {logging_mixin.py:190} INFO - [2024-10-30T22:33:33.283+0000] {dag.py:4180} INFO - Setting next_dagrun for dag_with_taskflow_api_v1 to 2024-10-21 00:00:00+00:00, run_after=2024-10-22 00:00:00+00:00
[2024-10-30T22:33:33.310+0000] {processor.py:208} INFO - Processing /opt/airflow/dags/dag_with_taskflow_api.py took 0.102 seconds
[2024-10-30T22:34:03.870+0000] {processor.py:186} INFO - Started process (PID=17655) to work on /opt/airflow/dags/dag_with_taskflow_api.py
[2024-10-30T22:34:03.872+0000] {processor.py:914} INFO - Processing file /opt/airflow/dags/dag_with_taskflow_api.py for tasks to queue
[2024-10-30T22:34:03.873+0000] {logging_mixin.py:190} INFO - [2024-10-30T22:34:03.873+0000] {dagbag.py:588} INFO - Filling up the DagBag from /opt/airflow/dags/dag_with_taskflow_api.py
[2024-10-30T22:34:03.886+0000] {processor.py:925} INFO - DAG(s) 'dag_with_taskflow_api_v1' retrieved from /opt/airflow/dags/dag_with_taskflow_api.py
[2024-10-30T22:34:03.908+0000] {logging_mixin.py:190} INFO - [2024-10-30T22:34:03.907+0000] {dag.py:3239} INFO - Sync 1 DAGs
[2024-10-30T22:34:03.931+0000] {logging_mixin.py:190} INFO - [2024-10-30T22:34:03.931+0000] {dag.py:4180} INFO - Setting next_dagrun for dag_with_taskflow_api_v1 to 2024-10-21 00:00:00+00:00, run_after=2024-10-22 00:00:00+00:00
[2024-10-30T22:34:03.950+0000] {processor.py:208} INFO - Processing /opt/airflow/dags/dag_with_taskflow_api.py took 0.086 seconds
[2024-10-30T22:34:34.550+0000] {processor.py:186} INFO - Started process (PID=17701) to work on /opt/airflow/dags/dag_with_taskflow_api.py
[2024-10-30T22:34:34.551+0000] {processor.py:914} INFO - Processing file /opt/airflow/dags/dag_with_taskflow_api.py for tasks to queue
[2024-10-30T22:34:34.553+0000] {logging_mixin.py:190} INFO - [2024-10-30T22:34:34.552+0000] {dagbag.py:588} INFO - Filling up the DagBag from /opt/airflow/dags/dag_with_taskflow_api.py
[2024-10-30T22:34:34.568+0000] {processor.py:925} INFO - DAG(s) 'dag_with_taskflow_api_v1' retrieved from /opt/airflow/dags/dag_with_taskflow_api.py
[2024-10-30T22:34:34.588+0000] {logging_mixin.py:190} INFO - [2024-10-30T22:34:34.588+0000] {dag.py:3239} INFO - Sync 1 DAGs
[2024-10-30T22:34:34.611+0000] {logging_mixin.py:190} INFO - [2024-10-30T22:34:34.611+0000] {dag.py:4180} INFO - Setting next_dagrun for dag_with_taskflow_api_v1 to 2024-10-21 00:00:00+00:00, run_after=2024-10-22 00:00:00+00:00
[2024-10-30T22:34:34.630+0000] {processor.py:208} INFO - Processing /opt/airflow/dags/dag_with_taskflow_api.py took 0.086 seconds
[2024-10-30T22:35:05.268+0000] {processor.py:186} INFO - Started process (PID=17747) to work on /opt/airflow/dags/dag_with_taskflow_api.py
[2024-10-30T22:35:05.269+0000] {processor.py:914} INFO - Processing file /opt/airflow/dags/dag_with_taskflow_api.py for tasks to queue
[2024-10-30T22:35:05.271+0000] {logging_mixin.py:190} INFO - [2024-10-30T22:35:05.271+0000] {dagbag.py:588} INFO - Filling up the DagBag from /opt/airflow/dags/dag_with_taskflow_api.py
[2024-10-30T22:35:05.287+0000] {processor.py:925} INFO - DAG(s) 'dag_with_taskflow_api_v1' retrieved from /opt/airflow/dags/dag_with_taskflow_api.py
[2024-10-30T22:35:05.308+0000] {logging_mixin.py:190} INFO - [2024-10-30T22:35:05.308+0000] {dag.py:3239} INFO - Sync 1 DAGs
[2024-10-30T22:35:05.331+0000] {logging_mixin.py:190} INFO - [2024-10-30T22:35:05.330+0000] {dag.py:4180} INFO - Setting next_dagrun for dag_with_taskflow_api_v1 to 2024-10-21 00:00:00+00:00, run_after=2024-10-22 00:00:00+00:00
[2024-10-30T22:35:05.351+0000] {processor.py:208} INFO - Processing /opt/airflow/dags/dag_with_taskflow_api.py took 0.089 seconds
[2024-10-30T22:35:35.911+0000] {processor.py:186} INFO - Started process (PID=17793) to work on /opt/airflow/dags/dag_with_taskflow_api.py
[2024-10-30T22:35:35.912+0000] {processor.py:914} INFO - Processing file /opt/airflow/dags/dag_with_taskflow_api.py for tasks to queue
[2024-10-30T22:35:35.915+0000] {logging_mixin.py:190} INFO - [2024-10-30T22:35:35.914+0000] {dagbag.py:588} INFO - Filling up the DagBag from /opt/airflow/dags/dag_with_taskflow_api.py
[2024-10-30T22:35:35.928+0000] {processor.py:925} INFO - DAG(s) 'dag_with_taskflow_api_v1' retrieved from /opt/airflow/dags/dag_with_taskflow_api.py
[2024-10-30T22:35:35.948+0000] {logging_mixin.py:190} INFO - [2024-10-30T22:35:35.948+0000] {dag.py:3239} INFO - Sync 1 DAGs
[2024-10-30T22:35:35.971+0000] {logging_mixin.py:190} INFO - [2024-10-30T22:35:35.970+0000] {dag.py:4180} INFO - Setting next_dagrun for dag_with_taskflow_api_v1 to 2024-10-21 00:00:00+00:00, run_after=2024-10-22 00:00:00+00:00
[2024-10-30T22:35:35.989+0000] {processor.py:208} INFO - Processing /opt/airflow/dags/dag_with_taskflow_api.py took 0.083 seconds
[2024-10-30T22:36:06.569+0000] {processor.py:186} INFO - Started process (PID=17839) to work on /opt/airflow/dags/dag_with_taskflow_api.py
[2024-10-30T22:36:06.571+0000] {processor.py:914} INFO - Processing file /opt/airflow/dags/dag_with_taskflow_api.py for tasks to queue
[2024-10-30T22:36:06.572+0000] {logging_mixin.py:190} INFO - [2024-10-30T22:36:06.572+0000] {dagbag.py:588} INFO - Filling up the DagBag from /opt/airflow/dags/dag_with_taskflow_api.py
[2024-10-30T22:36:06.586+0000] {processor.py:925} INFO - DAG(s) 'dag_with_taskflow_api_v1' retrieved from /opt/airflow/dags/dag_with_taskflow_api.py
[2024-10-30T22:36:06.607+0000] {logging_mixin.py:190} INFO - [2024-10-30T22:36:06.607+0000] {dag.py:3239} INFO - Sync 1 DAGs
[2024-10-30T22:36:06.629+0000] {logging_mixin.py:190} INFO - [2024-10-30T22:36:06.629+0000] {dag.py:4180} INFO - Setting next_dagrun for dag_with_taskflow_api_v1 to 2024-10-21 00:00:00+00:00, run_after=2024-10-22 00:00:00+00:00
[2024-10-30T22:36:06.647+0000] {processor.py:208} INFO - Processing /opt/airflow/dags/dag_with_taskflow_api.py took 0.083 seconds
[2024-10-30T22:36:37.217+0000] {processor.py:186} INFO - Started process (PID=17885) to work on /opt/airflow/dags/dag_with_taskflow_api.py
[2024-10-30T22:36:37.219+0000] {processor.py:914} INFO - Processing file /opt/airflow/dags/dag_with_taskflow_api.py for tasks to queue
[2024-10-30T22:36:37.220+0000] {logging_mixin.py:190} INFO - [2024-10-30T22:36:37.220+0000] {dagbag.py:588} INFO - Filling up the DagBag from /opt/airflow/dags/dag_with_taskflow_api.py
[2024-10-30T22:36:37.234+0000] {processor.py:925} INFO - DAG(s) 'dag_with_taskflow_api_v1' retrieved from /opt/airflow/dags/dag_with_taskflow_api.py
[2024-10-30T22:36:37.254+0000] {logging_mixin.py:190} INFO - [2024-10-30T22:36:37.254+0000] {dag.py:3239} INFO - Sync 1 DAGs
[2024-10-30T22:36:37.285+0000] {logging_mixin.py:190} INFO - [2024-10-30T22:36:37.285+0000] {dag.py:4180} INFO - Setting next_dagrun for dag_with_taskflow_api_v1 to 2024-10-21 00:00:00+00:00, run_after=2024-10-22 00:00:00+00:00
[2024-10-30T22:36:37.315+0000] {processor.py:208} INFO - Processing /opt/airflow/dags/dag_with_taskflow_api.py took 0.103 seconds
