[2024-10-30T22:32:29.757+0000] {processor.py:186} INFO - Started process (PID=17497) to work on /opt/airflow/dags/dag_with_mssql_operator_v1.py
[2024-10-30T22:32:29.758+0000] {processor.py:914} INFO - Processing file /opt/airflow/dags/dag_with_mssql_operator_v1.py for tasks to queue
[2024-10-30T22:32:29.760+0000] {logging_mixin.py:190} INFO - [2024-10-30T22:32:29.760+0000] {dagbag.py:588} INFO - Filling up the DagBag from /opt/airflow/dags/dag_with_mssql_operator_v1.py
[2024-10-30T22:32:29.774+0000] {processor.py:925} INFO - DAG(s) 'mssql_data_extraction_v1' retrieved from /opt/airflow/dags/dag_with_mssql_operator_v1.py
[2024-10-30T22:32:29.798+0000] {logging_mixin.py:190} INFO - [2024-10-30T22:32:29.794+0000] {dag.py:3239} INFO - Sync 1 DAGs
[2024-10-30T22:32:29.836+0000] {logging_mixin.py:190} INFO - [2024-10-30T22:32:29.836+0000] {dag.py:4180} INFO - Setting next_dagrun for mssql_data_extraction_v1 to 2024-10-29 00:00:00+00:00, run_after=2024-10-30 00:00:00+00:00
[2024-10-30T22:32:29.864+0000] {processor.py:208} INFO - Processing /opt/airflow/dags/dag_with_mssql_operator_v1.py took 0.112 seconds
[2024-10-30T22:33:00.370+0000] {processor.py:186} INFO - Started process (PID=17543) to work on /opt/airflow/dags/dag_with_mssql_operator_v1.py
[2024-10-30T22:33:00.372+0000] {processor.py:914} INFO - Processing file /opt/airflow/dags/dag_with_mssql_operator_v1.py for tasks to queue
[2024-10-30T22:33:00.374+0000] {logging_mixin.py:190} INFO - [2024-10-30T22:33:00.373+0000] {dagbag.py:588} INFO - Filling up the DagBag from /opt/airflow/dags/dag_with_mssql_operator_v1.py
[2024-10-30T22:33:00.387+0000] {processor.py:925} INFO - DAG(s) 'mssql_data_extraction_v1' retrieved from /opt/airflow/dags/dag_with_mssql_operator_v1.py
[2024-10-30T22:33:00.405+0000] {logging_mixin.py:190} INFO - [2024-10-30T22:33:00.405+0000] {dag.py:3239} INFO - Sync 1 DAGs
[2024-10-30T22:33:00.429+0000] {logging_mixin.py:190} INFO - [2024-10-30T22:33:00.428+0000] {dag.py:4180} INFO - Setting next_dagrun for mssql_data_extraction_v1 to 2024-10-29 00:00:00+00:00, run_after=2024-10-30 00:00:00+00:00
[2024-10-30T22:33:00.448+0000] {processor.py:208} INFO - Processing /opt/airflow/dags/dag_with_mssql_operator_v1.py took 0.083 seconds
[2024-10-30T22:33:31.048+0000] {processor.py:186} INFO - Started process (PID=17589) to work on /opt/airflow/dags/dag_with_mssql_operator_v1.py
[2024-10-30T22:33:31.050+0000] {processor.py:914} INFO - Processing file /opt/airflow/dags/dag_with_mssql_operator_v1.py for tasks to queue
[2024-10-30T22:33:31.054+0000] {logging_mixin.py:190} INFO - [2024-10-30T22:33:31.053+0000] {dagbag.py:588} INFO - Filling up the DagBag from /opt/airflow/dags/dag_with_mssql_operator_v1.py
[2024-10-30T22:33:31.072+0000] {processor.py:925} INFO - DAG(s) 'mssql_data_extraction_v1' retrieved from /opt/airflow/dags/dag_with_mssql_operator_v1.py
[2024-10-30T22:33:31.092+0000] {logging_mixin.py:190} INFO - [2024-10-30T22:33:31.092+0000] {dag.py:3239} INFO - Sync 1 DAGs
[2024-10-30T22:33:31.116+0000] {logging_mixin.py:190} INFO - [2024-10-30T22:33:31.116+0000] {dag.py:4180} INFO - Setting next_dagrun for mssql_data_extraction_v1 to 2024-10-29 00:00:00+00:00, run_after=2024-10-30 00:00:00+00:00
[2024-10-30T22:33:31.136+0000] {processor.py:208} INFO - Processing /opt/airflow/dags/dag_with_mssql_operator_v1.py took 0.095 seconds
[2024-10-30T22:34:01.610+0000] {processor.py:186} INFO - Started process (PID=17635) to work on /opt/airflow/dags/dag_with_mssql_operator_v1.py
[2024-10-30T22:34:01.611+0000] {processor.py:914} INFO - Processing file /opt/airflow/dags/dag_with_mssql_operator_v1.py for tasks to queue
[2024-10-30T22:34:01.613+0000] {logging_mixin.py:190} INFO - [2024-10-30T22:34:01.613+0000] {dagbag.py:588} INFO - Filling up the DagBag from /opt/airflow/dags/dag_with_mssql_operator_v1.py
[2024-10-30T22:34:01.627+0000] {processor.py:925} INFO - DAG(s) 'mssql_data_extraction_v1' retrieved from /opt/airflow/dags/dag_with_mssql_operator_v1.py
[2024-10-30T22:34:01.647+0000] {logging_mixin.py:190} INFO - [2024-10-30T22:34:01.646+0000] {dag.py:3239} INFO - Sync 1 DAGs
[2024-10-30T22:34:01.669+0000] {logging_mixin.py:190} INFO - [2024-10-30T22:34:01.669+0000] {dag.py:4180} INFO - Setting next_dagrun for mssql_data_extraction_v1 to 2024-10-29 00:00:00+00:00, run_after=2024-10-30 00:00:00+00:00
[2024-10-30T22:34:01.688+0000] {processor.py:208} INFO - Processing /opt/airflow/dags/dag_with_mssql_operator_v1.py took 0.083 seconds
[2024-10-30T22:34:32.263+0000] {processor.py:186} INFO - Started process (PID=17681) to work on /opt/airflow/dags/dag_with_mssql_operator_v1.py
[2024-10-30T22:34:32.264+0000] {processor.py:914} INFO - Processing file /opt/airflow/dags/dag_with_mssql_operator_v1.py for tasks to queue
[2024-10-30T22:34:32.266+0000] {logging_mixin.py:190} INFO - [2024-10-30T22:34:32.265+0000] {dagbag.py:588} INFO - Filling up the DagBag from /opt/airflow/dags/dag_with_mssql_operator_v1.py
[2024-10-30T22:34:32.280+0000] {processor.py:925} INFO - DAG(s) 'mssql_data_extraction_v1' retrieved from /opt/airflow/dags/dag_with_mssql_operator_v1.py
[2024-10-30T22:34:32.302+0000] {logging_mixin.py:190} INFO - [2024-10-30T22:34:32.302+0000] {dag.py:3239} INFO - Sync 1 DAGs
[2024-10-30T22:34:32.329+0000] {logging_mixin.py:190} INFO - [2024-10-30T22:34:32.328+0000] {dag.py:4180} INFO - Setting next_dagrun for mssql_data_extraction_v1 to 2024-10-29 00:00:00+00:00, run_after=2024-10-30 00:00:00+00:00
[2024-10-30T22:34:32.350+0000] {processor.py:208} INFO - Processing /opt/airflow/dags/dag_with_mssql_operator_v1.py took 0.092 seconds
[2024-10-30T22:35:02.992+0000] {processor.py:186} INFO - Started process (PID=17727) to work on /opt/airflow/dags/dag_with_mssql_operator_v1.py
[2024-10-30T22:35:02.993+0000] {processor.py:914} INFO - Processing file /opt/airflow/dags/dag_with_mssql_operator_v1.py for tasks to queue
[2024-10-30T22:35:02.994+0000] {logging_mixin.py:190} INFO - [2024-10-30T22:35:02.994+0000] {dagbag.py:588} INFO - Filling up the DagBag from /opt/airflow/dags/dag_with_mssql_operator_v1.py
[2024-10-30T22:35:03.009+0000] {processor.py:925} INFO - DAG(s) 'mssql_data_extraction_v1' retrieved from /opt/airflow/dags/dag_with_mssql_operator_v1.py
[2024-10-30T22:35:03.030+0000] {logging_mixin.py:190} INFO - [2024-10-30T22:35:03.030+0000] {dag.py:3239} INFO - Sync 1 DAGs
[2024-10-30T22:35:03.054+0000] {logging_mixin.py:190} INFO - [2024-10-30T22:35:03.054+0000] {dag.py:4180} INFO - Setting next_dagrun for mssql_data_extraction_v1 to 2024-10-29 00:00:00+00:00, run_after=2024-10-30 00:00:00+00:00
[2024-10-30T22:35:03.079+0000] {processor.py:208} INFO - Processing /opt/airflow/dags/dag_with_mssql_operator_v1.py took 0.093 seconds
[2024-10-30T22:35:33.651+0000] {processor.py:186} INFO - Started process (PID=17773) to work on /opt/airflow/dags/dag_with_mssql_operator_v1.py
[2024-10-30T22:35:33.653+0000] {processor.py:914} INFO - Processing file /opt/airflow/dags/dag_with_mssql_operator_v1.py for tasks to queue
[2024-10-30T22:35:33.655+0000] {logging_mixin.py:190} INFO - [2024-10-30T22:35:33.655+0000] {dagbag.py:588} INFO - Filling up the DagBag from /opt/airflow/dags/dag_with_mssql_operator_v1.py
[2024-10-30T22:35:33.672+0000] {processor.py:925} INFO - DAG(s) 'mssql_data_extraction_v1' retrieved from /opt/airflow/dags/dag_with_mssql_operator_v1.py
[2024-10-30T22:35:33.695+0000] {logging_mixin.py:190} INFO - [2024-10-30T22:35:33.695+0000] {dag.py:3239} INFO - Sync 1 DAGs
[2024-10-30T22:35:33.721+0000] {logging_mixin.py:190} INFO - [2024-10-30T22:35:33.721+0000] {dag.py:4180} INFO - Setting next_dagrun for mssql_data_extraction_v1 to 2024-10-29 00:00:00+00:00, run_after=2024-10-30 00:00:00+00:00
[2024-10-30T22:35:33.742+0000] {processor.py:208} INFO - Processing /opt/airflow/dags/dag_with_mssql_operator_v1.py took 0.096 seconds
[2024-10-30T22:36:04.288+0000] {processor.py:186} INFO - Started process (PID=17819) to work on /opt/airflow/dags/dag_with_mssql_operator_v1.py
[2024-10-30T22:36:04.290+0000] {processor.py:914} INFO - Processing file /opt/airflow/dags/dag_with_mssql_operator_v1.py for tasks to queue
[2024-10-30T22:36:04.291+0000] {logging_mixin.py:190} INFO - [2024-10-30T22:36:04.291+0000] {dagbag.py:588} INFO - Filling up the DagBag from /opt/airflow/dags/dag_with_mssql_operator_v1.py
[2024-10-30T22:36:04.303+0000] {processor.py:925} INFO - DAG(s) 'mssql_data_extraction_v1' retrieved from /opt/airflow/dags/dag_with_mssql_operator_v1.py
[2024-10-30T22:36:04.322+0000] {logging_mixin.py:190} INFO - [2024-10-30T22:36:04.322+0000] {dag.py:3239} INFO - Sync 1 DAGs
[2024-10-30T22:36:04.344+0000] {logging_mixin.py:190} INFO - [2024-10-30T22:36:04.344+0000] {dag.py:4180} INFO - Setting next_dagrun for mssql_data_extraction_v1 to 2024-10-29 00:00:00+00:00, run_after=2024-10-30 00:00:00+00:00
[2024-10-30T22:36:04.369+0000] {processor.py:208} INFO - Processing /opt/airflow/dags/dag_with_mssql_operator_v1.py took 0.086 seconds
[2024-10-30T22:36:34.878+0000] {processor.py:186} INFO - Started process (PID=17865) to work on /opt/airflow/dags/dag_with_mssql_operator_v1.py
[2024-10-30T22:36:34.881+0000] {processor.py:914} INFO - Processing file /opt/airflow/dags/dag_with_mssql_operator_v1.py for tasks to queue
[2024-10-30T22:36:34.883+0000] {logging_mixin.py:190} INFO - [2024-10-30T22:36:34.882+0000] {dagbag.py:588} INFO - Filling up the DagBag from /opt/airflow/dags/dag_with_mssql_operator_v1.py
[2024-10-30T22:36:34.898+0000] {processor.py:925} INFO - DAG(s) 'mssql_data_extraction_v1' retrieved from /opt/airflow/dags/dag_with_mssql_operator_v1.py
[2024-10-30T22:36:34.922+0000] {logging_mixin.py:190} INFO - [2024-10-30T22:36:34.922+0000] {dag.py:3239} INFO - Sync 1 DAGs
[2024-10-30T22:36:34.948+0000] {logging_mixin.py:190} INFO - [2024-10-30T22:36:34.948+0000] {dag.py:4180} INFO - Setting next_dagrun for mssql_data_extraction_v1 to 2024-10-29 00:00:00+00:00, run_after=2024-10-30 00:00:00+00:00
[2024-10-30T22:36:34.966+0000] {processor.py:208} INFO - Processing /opt/airflow/dags/dag_with_mssql_operator_v1.py took 0.094 seconds
[2024-10-30T22:37:05.521+0000] {processor.py:186} INFO - Started process (PID=17911) to work on /opt/airflow/dags/dag_with_mssql_operator_v1.py
[2024-10-30T22:37:05.522+0000] {processor.py:914} INFO - Processing file /opt/airflow/dags/dag_with_mssql_operator_v1.py for tasks to queue
[2024-10-30T22:37:05.523+0000] {logging_mixin.py:190} INFO - [2024-10-30T22:37:05.523+0000] {dagbag.py:588} INFO - Filling up the DagBag from /opt/airflow/dags/dag_with_mssql_operator_v1.py
[2024-10-30T22:37:05.534+0000] {processor.py:925} INFO - DAG(s) 'mssql_data_extraction_v1' retrieved from /opt/airflow/dags/dag_with_mssql_operator_v1.py
[2024-10-30T22:37:05.553+0000] {logging_mixin.py:190} INFO - [2024-10-30T22:37:05.553+0000] {dag.py:3239} INFO - Sync 1 DAGs
[2024-10-30T22:37:05.576+0000] {logging_mixin.py:190} INFO - [2024-10-30T22:37:05.576+0000] {dag.py:4180} INFO - Setting next_dagrun for mssql_data_extraction_v1 to 2024-10-29 00:00:00+00:00, run_after=2024-10-30 00:00:00+00:00
[2024-10-30T22:37:05.596+0000] {processor.py:208} INFO - Processing /opt/airflow/dags/dag_with_mssql_operator_v1.py took 0.080 seconds
[2024-10-30T22:37:36.146+0000] {processor.py:186} INFO - Started process (PID=17957) to work on /opt/airflow/dags/dag_with_mssql_operator_v1.py
[2024-10-30T22:37:36.147+0000] {processor.py:914} INFO - Processing file /opt/airflow/dags/dag_with_mssql_operator_v1.py for tasks to queue
[2024-10-30T22:37:36.149+0000] {logging_mixin.py:190} INFO - [2024-10-30T22:37:36.149+0000] {dagbag.py:588} INFO - Filling up the DagBag from /opt/airflow/dags/dag_with_mssql_operator_v1.py
[2024-10-30T22:37:36.160+0000] {processor.py:925} INFO - DAG(s) 'mssql_data_extraction_v1' retrieved from /opt/airflow/dags/dag_with_mssql_operator_v1.py
[2024-10-30T22:37:36.182+0000] {logging_mixin.py:190} INFO - [2024-10-30T22:37:36.181+0000] {dag.py:3239} INFO - Sync 1 DAGs
[2024-10-30T22:37:36.218+0000] {logging_mixin.py:190} INFO - [2024-10-30T22:37:36.218+0000] {dag.py:4180} INFO - Setting next_dagrun for mssql_data_extraction_v1 to 2024-10-29 00:00:00+00:00, run_after=2024-10-30 00:00:00+00:00
[2024-10-30T22:37:36.238+0000] {processor.py:208} INFO - Processing /opt/airflow/dags/dag_with_mssql_operator_v1.py took 0.097 seconds
[2024-10-30T22:38:06.850+0000] {processor.py:186} INFO - Started process (PID=18003) to work on /opt/airflow/dags/dag_with_mssql_operator_v1.py
[2024-10-30T22:38:06.852+0000] {processor.py:914} INFO - Processing file /opt/airflow/dags/dag_with_mssql_operator_v1.py for tasks to queue
[2024-10-30T22:38:06.853+0000] {logging_mixin.py:190} INFO - [2024-10-30T22:38:06.853+0000] {dagbag.py:588} INFO - Filling up the DagBag from /opt/airflow/dags/dag_with_mssql_operator_v1.py
[2024-10-30T22:38:06.865+0000] {processor.py:925} INFO - DAG(s) 'mssql_data_extraction_v1' retrieved from /opt/airflow/dags/dag_with_mssql_operator_v1.py
[2024-10-30T22:38:06.884+0000] {logging_mixin.py:190} INFO - [2024-10-30T22:38:06.883+0000] {dag.py:3239} INFO - Sync 1 DAGs
[2024-10-30T22:38:06.906+0000] {logging_mixin.py:190} INFO - [2024-10-30T22:38:06.906+0000] {dag.py:4180} INFO - Setting next_dagrun for mssql_data_extraction_v1 to 2024-10-29 00:00:00+00:00, run_after=2024-10-30 00:00:00+00:00
[2024-10-30T22:38:06.925+0000] {processor.py:208} INFO - Processing /opt/airflow/dags/dag_with_mssql_operator_v1.py took 0.079 seconds
[2024-10-30T22:38:37.551+0000] {processor.py:186} INFO - Started process (PID=18049) to work on /opt/airflow/dags/dag_with_mssql_operator_v1.py
[2024-10-30T22:38:37.552+0000] {processor.py:914} INFO - Processing file /opt/airflow/dags/dag_with_mssql_operator_v1.py for tasks to queue
[2024-10-30T22:38:37.553+0000] {logging_mixin.py:190} INFO - [2024-10-30T22:38:37.553+0000] {dagbag.py:588} INFO - Filling up the DagBag from /opt/airflow/dags/dag_with_mssql_operator_v1.py
[2024-10-30T22:38:37.569+0000] {processor.py:925} INFO - DAG(s) 'mssql_data_extraction_v1' retrieved from /opt/airflow/dags/dag_with_mssql_operator_v1.py
[2024-10-30T22:38:37.594+0000] {logging_mixin.py:190} INFO - [2024-10-30T22:38:37.594+0000] {dag.py:3239} INFO - Sync 1 DAGs
[2024-10-30T22:38:37.633+0000] {logging_mixin.py:190} INFO - [2024-10-30T22:38:37.632+0000] {dag.py:4180} INFO - Setting next_dagrun for mssql_data_extraction_v1 to 2024-10-29 00:00:00+00:00, run_after=2024-10-30 00:00:00+00:00
[2024-10-30T22:38:37.661+0000] {processor.py:208} INFO - Processing /opt/airflow/dags/dag_with_mssql_operator_v1.py took 0.116 seconds
[2024-10-30T22:39:08.396+0000] {processor.py:186} INFO - Started process (PID=18095) to work on /opt/airflow/dags/dag_with_mssql_operator_v1.py
[2024-10-30T22:39:08.398+0000] {processor.py:914} INFO - Processing file /opt/airflow/dags/dag_with_mssql_operator_v1.py for tasks to queue
[2024-10-30T22:39:08.400+0000] {logging_mixin.py:190} INFO - [2024-10-30T22:39:08.400+0000] {dagbag.py:588} INFO - Filling up the DagBag from /opt/airflow/dags/dag_with_mssql_operator_v1.py
[2024-10-30T22:39:08.418+0000] {processor.py:925} INFO - DAG(s) 'mssql_data_extraction_v1' retrieved from /opt/airflow/dags/dag_with_mssql_operator_v1.py
[2024-10-30T22:39:08.445+0000] {logging_mixin.py:190} INFO - [2024-10-30T22:39:08.445+0000] {dag.py:3239} INFO - Sync 1 DAGs
[2024-10-30T22:39:08.481+0000] {logging_mixin.py:190} INFO - [2024-10-30T22:39:08.480+0000] {dag.py:4180} INFO - Setting next_dagrun for mssql_data_extraction_v1 to 2024-10-29 00:00:00+00:00, run_after=2024-10-30 00:00:00+00:00
[2024-10-30T22:39:08.507+0000] {processor.py:208} INFO - Processing /opt/airflow/dags/dag_with_mssql_operator_v1.py took 0.119 seconds
[2024-10-30T22:39:39.070+0000] {processor.py:186} INFO - Started process (PID=18141) to work on /opt/airflow/dags/dag_with_mssql_operator_v1.py
[2024-10-30T22:39:39.071+0000] {processor.py:914} INFO - Processing file /opt/airflow/dags/dag_with_mssql_operator_v1.py for tasks to queue
[2024-10-30T22:39:39.073+0000] {logging_mixin.py:190} INFO - [2024-10-30T22:39:39.073+0000] {dagbag.py:588} INFO - Filling up the DagBag from /opt/airflow/dags/dag_with_mssql_operator_v1.py
[2024-10-30T22:39:39.090+0000] {processor.py:925} INFO - DAG(s) 'mssql_data_extraction_v1' retrieved from /opt/airflow/dags/dag_with_mssql_operator_v1.py
[2024-10-30T22:39:39.114+0000] {logging_mixin.py:190} INFO - [2024-10-30T22:39:39.113+0000] {dag.py:3239} INFO - Sync 1 DAGs
[2024-10-30T22:39:39.140+0000] {logging_mixin.py:190} INFO - [2024-10-30T22:39:39.140+0000] {dag.py:4180} INFO - Setting next_dagrun for mssql_data_extraction_v1 to 2024-10-29 00:00:00+00:00, run_after=2024-10-30 00:00:00+00:00
[2024-10-30T22:39:39.158+0000] {processor.py:208} INFO - Processing /opt/airflow/dags/dag_with_mssql_operator_v1.py took 0.094 seconds
[2024-10-30T22:40:09.845+0000] {processor.py:186} INFO - Started process (PID=18187) to work on /opt/airflow/dags/dag_with_mssql_operator_v1.py
[2024-10-30T22:40:09.847+0000] {processor.py:914} INFO - Processing file /opt/airflow/dags/dag_with_mssql_operator_v1.py for tasks to queue
[2024-10-30T22:40:09.848+0000] {logging_mixin.py:190} INFO - [2024-10-30T22:40:09.848+0000] {dagbag.py:588} INFO - Filling up the DagBag from /opt/airflow/dags/dag_with_mssql_operator_v1.py
[2024-10-30T22:40:09.861+0000] {processor.py:925} INFO - DAG(s) 'mssql_data_extraction_v1' retrieved from /opt/airflow/dags/dag_with_mssql_operator_v1.py
[2024-10-30T22:40:09.885+0000] {logging_mixin.py:190} INFO - [2024-10-30T22:40:09.884+0000] {dag.py:3239} INFO - Sync 1 DAGs
[2024-10-30T22:40:09.910+0000] {logging_mixin.py:190} INFO - [2024-10-30T22:40:09.910+0000] {dag.py:4180} INFO - Setting next_dagrun for mssql_data_extraction_v1 to 2024-10-29 00:00:00+00:00, run_after=2024-10-30 00:00:00+00:00
[2024-10-30T22:40:09.936+0000] {processor.py:208} INFO - Processing /opt/airflow/dags/dag_with_mssql_operator_v1.py took 0.097 seconds
[2024-10-30T22:40:40.605+0000] {processor.py:186} INFO - Started process (PID=18238) to work on /opt/airflow/dags/dag_with_mssql_operator_v1.py
[2024-10-30T22:40:40.607+0000] {processor.py:914} INFO - Processing file /opt/airflow/dags/dag_with_mssql_operator_v1.py for tasks to queue
[2024-10-30T22:40:40.608+0000] {logging_mixin.py:190} INFO - [2024-10-30T22:40:40.608+0000] {dagbag.py:588} INFO - Filling up the DagBag from /opt/airflow/dags/dag_with_mssql_operator_v1.py
[2024-10-30T22:40:40.620+0000] {processor.py:925} INFO - DAG(s) 'mssql_data_extraction_v1' retrieved from /opt/airflow/dags/dag_with_mssql_operator_v1.py
[2024-10-30T22:40:40.641+0000] {logging_mixin.py:190} INFO - [2024-10-30T22:40:40.641+0000] {dag.py:3239} INFO - Sync 1 DAGs
[2024-10-30T22:40:40.666+0000] {logging_mixin.py:190} INFO - [2024-10-30T22:40:40.666+0000] {dag.py:4180} INFO - Setting next_dagrun for mssql_data_extraction_v1 to 2024-10-29 00:00:00+00:00, run_after=2024-10-30 00:00:00+00:00
[2024-10-30T22:40:40.686+0000] {processor.py:208} INFO - Processing /opt/airflow/dags/dag_with_mssql_operator_v1.py took 0.085 seconds
