[2024-10-30T22:32:31.833+0000] {processor.py:186} INFO - Started process (PID=17505) to work on /opt/airflow/dags/dag_with_cron_expression.py
[2024-10-30T22:32:31.835+0000] {processor.py:914} INFO - Processing file /opt/airflow/dags/dag_with_cron_expression.py for tasks to queue
[2024-10-30T22:32:31.837+0000] {logging_mixin.py:190} INFO - [2024-10-30T22:32:31.836+0000] {dagbag.py:588} INFO - Filling up the DagBag from /opt/airflow/dags/dag_with_cron_expression.py
[2024-10-30T22:32:31.852+0000] {processor.py:925} INFO - DAG(s) 'dag_with_cron_expression_v4' retrieved from /opt/airflow/dags/dag_with_cron_expression.py
[2024-10-30T22:32:31.880+0000] {logging_mixin.py:190} INFO - [2024-10-30T22:32:31.880+0000] {dag.py:3239} INFO - Sync 1 DAGs
[2024-10-30T22:32:31.912+0000] {logging_mixin.py:190} INFO - [2024-10-30T22:32:31.911+0000] {dag.py:4180} INFO - Setting next_dagrun for dag_with_cron_expression_v4 to 2024-10-22 03:00:00+00:00, run_after=2024-10-23 03:00:00+00:00
[2024-10-30T22:32:31.934+0000] {processor.py:208} INFO - Processing /opt/airflow/dags/dag_with_cron_expression.py took 0.108 seconds
[2024-10-30T22:33:02.407+0000] {processor.py:186} INFO - Started process (PID=17551) to work on /opt/airflow/dags/dag_with_cron_expression.py
[2024-10-30T22:33:02.408+0000] {processor.py:914} INFO - Processing file /opt/airflow/dags/dag_with_cron_expression.py for tasks to queue
[2024-10-30T22:33:02.410+0000] {logging_mixin.py:190} INFO - [2024-10-30T22:33:02.410+0000] {dagbag.py:588} INFO - Filling up the DagBag from /opt/airflow/dags/dag_with_cron_expression.py
[2024-10-30T22:33:02.423+0000] {processor.py:925} INFO - DAG(s) 'dag_with_cron_expression_v4' retrieved from /opt/airflow/dags/dag_with_cron_expression.py
[2024-10-30T22:33:02.446+0000] {logging_mixin.py:190} INFO - [2024-10-30T22:33:02.446+0000] {dag.py:3239} INFO - Sync 1 DAGs
[2024-10-30T22:33:02.474+0000] {logging_mixin.py:190} INFO - [2024-10-30T22:33:02.474+0000] {dag.py:4180} INFO - Setting next_dagrun for dag_with_cron_expression_v4 to 2024-10-22 03:00:00+00:00, run_after=2024-10-23 03:00:00+00:00
[2024-10-30T22:33:02.494+0000] {processor.py:208} INFO - Processing /opt/airflow/dags/dag_with_cron_expression.py took 0.094 seconds
[2024-10-30T22:33:33.078+0000] {processor.py:186} INFO - Started process (PID=17597) to work on /opt/airflow/dags/dag_with_cron_expression.py
[2024-10-30T22:33:33.080+0000] {processor.py:914} INFO - Processing file /opt/airflow/dags/dag_with_cron_expression.py for tasks to queue
[2024-10-30T22:33:33.082+0000] {logging_mixin.py:190} INFO - [2024-10-30T22:33:33.081+0000] {dagbag.py:588} INFO - Filling up the DagBag from /opt/airflow/dags/dag_with_cron_expression.py
[2024-10-30T22:33:33.096+0000] {processor.py:925} INFO - DAG(s) 'dag_with_cron_expression_v4' retrieved from /opt/airflow/dags/dag_with_cron_expression.py
[2024-10-30T22:33:33.122+0000] {logging_mixin.py:190} INFO - [2024-10-30T22:33:33.122+0000] {dag.py:3239} INFO - Sync 1 DAGs
[2024-10-30T22:33:33.152+0000] {logging_mixin.py:190} INFO - [2024-10-30T22:33:33.151+0000] {dag.py:4180} INFO - Setting next_dagrun for dag_with_cron_expression_v4 to 2024-10-22 03:00:00+00:00, run_after=2024-10-23 03:00:00+00:00
[2024-10-30T22:33:33.176+0000] {processor.py:208} INFO - Processing /opt/airflow/dags/dag_with_cron_expression.py took 0.105 seconds
[2024-10-30T22:34:03.645+0000] {processor.py:186} INFO - Started process (PID=17643) to work on /opt/airflow/dags/dag_with_cron_expression.py
[2024-10-30T22:34:03.646+0000] {processor.py:914} INFO - Processing file /opt/airflow/dags/dag_with_cron_expression.py for tasks to queue
[2024-10-30T22:34:03.648+0000] {logging_mixin.py:190} INFO - [2024-10-30T22:34:03.647+0000] {dagbag.py:588} INFO - Filling up the DagBag from /opt/airflow/dags/dag_with_cron_expression.py
[2024-10-30T22:34:03.661+0000] {processor.py:925} INFO - DAG(s) 'dag_with_cron_expression_v4' retrieved from /opt/airflow/dags/dag_with_cron_expression.py
[2024-10-30T22:34:03.684+0000] {logging_mixin.py:190} INFO - [2024-10-30T22:34:03.684+0000] {dag.py:3239} INFO - Sync 1 DAGs
[2024-10-30T22:34:03.710+0000] {logging_mixin.py:190} INFO - [2024-10-30T22:34:03.710+0000] {dag.py:4180} INFO - Setting next_dagrun for dag_with_cron_expression_v4 to 2024-10-22 03:00:00+00:00, run_after=2024-10-23 03:00:00+00:00
[2024-10-30T22:34:03.732+0000] {processor.py:208} INFO - Processing /opt/airflow/dags/dag_with_cron_expression.py took 0.093 seconds
[2024-10-30T22:34:34.298+0000] {processor.py:186} INFO - Started process (PID=17689) to work on /opt/airflow/dags/dag_with_cron_expression.py
[2024-10-30T22:34:34.300+0000] {processor.py:914} INFO - Processing file /opt/airflow/dags/dag_with_cron_expression.py for tasks to queue
[2024-10-30T22:34:34.302+0000] {logging_mixin.py:190} INFO - [2024-10-30T22:34:34.302+0000] {dagbag.py:588} INFO - Filling up the DagBag from /opt/airflow/dags/dag_with_cron_expression.py
[2024-10-30T22:34:34.316+0000] {processor.py:925} INFO - DAG(s) 'dag_with_cron_expression_v4' retrieved from /opt/airflow/dags/dag_with_cron_expression.py
[2024-10-30T22:34:34.344+0000] {logging_mixin.py:190} INFO - [2024-10-30T22:34:34.343+0000] {dag.py:3239} INFO - Sync 1 DAGs
[2024-10-30T22:34:34.371+0000] {logging_mixin.py:190} INFO - [2024-10-30T22:34:34.371+0000] {dag.py:4180} INFO - Setting next_dagrun for dag_with_cron_expression_v4 to 2024-10-22 03:00:00+00:00, run_after=2024-10-23 03:00:00+00:00
[2024-10-30T22:34:34.395+0000] {processor.py:208} INFO - Processing /opt/airflow/dags/dag_with_cron_expression.py took 0.104 seconds
[2024-10-30T22:35:05.027+0000] {processor.py:186} INFO - Started process (PID=17735) to work on /opt/airflow/dags/dag_with_cron_expression.py
[2024-10-30T22:35:05.028+0000] {processor.py:914} INFO - Processing file /opt/airflow/dags/dag_with_cron_expression.py for tasks to queue
[2024-10-30T22:35:05.029+0000] {logging_mixin.py:190} INFO - [2024-10-30T22:35:05.029+0000] {dagbag.py:588} INFO - Filling up the DagBag from /opt/airflow/dags/dag_with_cron_expression.py
[2024-10-30T22:35:05.044+0000] {processor.py:925} INFO - DAG(s) 'dag_with_cron_expression_v4' retrieved from /opt/airflow/dags/dag_with_cron_expression.py
[2024-10-30T22:35:05.067+0000] {logging_mixin.py:190} INFO - [2024-10-30T22:35:05.067+0000] {dag.py:3239} INFO - Sync 1 DAGs
[2024-10-30T22:35:05.093+0000] {logging_mixin.py:190} INFO - [2024-10-30T22:35:05.092+0000] {dag.py:4180} INFO - Setting next_dagrun for dag_with_cron_expression_v4 to 2024-10-22 03:00:00+00:00, run_after=2024-10-23 03:00:00+00:00
[2024-10-30T22:35:05.114+0000] {processor.py:208} INFO - Processing /opt/airflow/dags/dag_with_cron_expression.py took 0.094 seconds
[2024-10-30T22:35:35.686+0000] {processor.py:186} INFO - Started process (PID=17781) to work on /opt/airflow/dags/dag_with_cron_expression.py
[2024-10-30T22:35:35.688+0000] {processor.py:914} INFO - Processing file /opt/airflow/dags/dag_with_cron_expression.py for tasks to queue
[2024-10-30T22:35:35.690+0000] {logging_mixin.py:190} INFO - [2024-10-30T22:35:35.690+0000] {dagbag.py:588} INFO - Filling up the DagBag from /opt/airflow/dags/dag_with_cron_expression.py
[2024-10-30T22:35:35.706+0000] {processor.py:925} INFO - DAG(s) 'dag_with_cron_expression_v4' retrieved from /opt/airflow/dags/dag_with_cron_expression.py
[2024-10-30T22:35:35.727+0000] {logging_mixin.py:190} INFO - [2024-10-30T22:35:35.726+0000] {dag.py:3239} INFO - Sync 1 DAGs
[2024-10-30T22:35:35.750+0000] {logging_mixin.py:190} INFO - [2024-10-30T22:35:35.750+0000] {dag.py:4180} INFO - Setting next_dagrun for dag_with_cron_expression_v4 to 2024-10-22 03:00:00+00:00, run_after=2024-10-23 03:00:00+00:00
[2024-10-30T22:35:35.769+0000] {processor.py:208} INFO - Processing /opt/airflow/dags/dag_with_cron_expression.py took 0.089 seconds
[2024-10-30T22:36:06.339+0000] {processor.py:186} INFO - Started process (PID=17827) to work on /opt/airflow/dags/dag_with_cron_expression.py
[2024-10-30T22:36:06.341+0000] {processor.py:914} INFO - Processing file /opt/airflow/dags/dag_with_cron_expression.py for tasks to queue
[2024-10-30T22:36:06.343+0000] {logging_mixin.py:190} INFO - [2024-10-30T22:36:06.342+0000] {dagbag.py:588} INFO - Filling up the DagBag from /opt/airflow/dags/dag_with_cron_expression.py
[2024-10-30T22:36:06.356+0000] {processor.py:925} INFO - DAG(s) 'dag_with_cron_expression_v4' retrieved from /opt/airflow/dags/dag_with_cron_expression.py
[2024-10-30T22:36:06.379+0000] {logging_mixin.py:190} INFO - [2024-10-30T22:36:06.379+0000] {dag.py:3239} INFO - Sync 1 DAGs
[2024-10-30T22:36:06.404+0000] {logging_mixin.py:190} INFO - [2024-10-30T22:36:06.404+0000] {dag.py:4180} INFO - Setting next_dagrun for dag_with_cron_expression_v4 to 2024-10-22 03:00:00+00:00, run_after=2024-10-23 03:00:00+00:00
[2024-10-30T22:36:06.423+0000] {processor.py:208} INFO - Processing /opt/airflow/dags/dag_with_cron_expression.py took 0.091 seconds
[2024-10-30T22:36:36.996+0000] {processor.py:186} INFO - Started process (PID=17873) to work on /opt/airflow/dags/dag_with_cron_expression.py
[2024-10-30T22:36:36.998+0000] {processor.py:914} INFO - Processing file /opt/airflow/dags/dag_with_cron_expression.py for tasks to queue
[2024-10-30T22:36:37.000+0000] {logging_mixin.py:190} INFO - [2024-10-30T22:36:37.000+0000] {dagbag.py:588} INFO - Filling up the DagBag from /opt/airflow/dags/dag_with_cron_expression.py
[2024-10-30T22:36:37.014+0000] {processor.py:925} INFO - DAG(s) 'dag_with_cron_expression_v4' retrieved from /opt/airflow/dags/dag_with_cron_expression.py
[2024-10-30T22:36:37.038+0000] {logging_mixin.py:190} INFO - [2024-10-30T22:36:37.038+0000] {dag.py:3239} INFO - Sync 1 DAGs
[2024-10-30T22:36:37.064+0000] {logging_mixin.py:190} INFO - [2024-10-30T22:36:37.064+0000] {dag.py:4180} INFO - Setting next_dagrun for dag_with_cron_expression_v4 to 2024-10-22 03:00:00+00:00, run_after=2024-10-23 03:00:00+00:00
[2024-10-30T22:36:37.085+0000] {processor.py:208} INFO - Processing /opt/airflow/dags/dag_with_cron_expression.py took 0.095 seconds
