[2024-10-30T22:32:40.160+0000] {processor.py:186} INFO - Started process (PID=17532) to work on /opt/airflow/dags/dag_with_s3_bucket.py
[2024-10-30T22:32:40.162+0000] {processor.py:914} INFO - Processing file /opt/airflow/dags/dag_with_s3_bucket.py for tasks to queue
[2024-10-30T22:32:40.164+0000] {logging_mixin.py:190} INFO - [2024-10-30T22:32:40.163+0000] {dagbag.py:588} INFO - Filling up the DagBag from /opt/airflow/dags/dag_with_s3_bucket.py
[2024-10-30T22:32:40.176+0000] {processor.py:925} INFO - DAG(s) 'dag_with_s3_bucket_v1.10' retrieved from /opt/airflow/dags/dag_with_s3_bucket.py
[2024-10-30T22:32:40.198+0000] {logging_mixin.py:190} INFO - [2024-10-30T22:32:40.198+0000] {dag.py:3239} INFO - Sync 1 DAGs
[2024-10-30T22:32:40.220+0000] {logging_mixin.py:190} INFO - [2024-10-30T22:32:40.220+0000] {dag.py:4180} INFO - Setting next_dagrun for dag_with_s3_bucket_v1.10 to 2024-10-30 00:00:00+00:00, run_after=2024-10-31 00:00:00+00:00
[2024-10-30T22:32:40.239+0000] {processor.py:208} INFO - Processing /opt/airflow/dags/dag_with_s3_bucket.py took 0.084 seconds
[2024-10-30T22:33:10.825+0000] {processor.py:186} INFO - Started process (PID=17578) to work on /opt/airflow/dags/dag_with_s3_bucket.py
[2024-10-30T22:33:10.826+0000] {processor.py:914} INFO - Processing file /opt/airflow/dags/dag_with_s3_bucket.py for tasks to queue
[2024-10-30T22:33:10.828+0000] {logging_mixin.py:190} INFO - [2024-10-30T22:33:10.828+0000] {dagbag.py:588} INFO - Filling up the DagBag from /opt/airflow/dags/dag_with_s3_bucket.py
[2024-10-30T22:33:10.841+0000] {processor.py:925} INFO - DAG(s) 'dag_with_s3_bucket_v1.10' retrieved from /opt/airflow/dags/dag_with_s3_bucket.py
[2024-10-30T22:33:10.863+0000] {logging_mixin.py:190} INFO - [2024-10-30T22:33:10.863+0000] {dag.py:3239} INFO - Sync 1 DAGs
[2024-10-30T22:33:10.886+0000] {logging_mixin.py:190} INFO - [2024-10-30T22:33:10.886+0000] {dag.py:4180} INFO - Setting next_dagrun for dag_with_s3_bucket_v1.10 to 2024-10-30 00:00:00+00:00, run_after=2024-10-31 00:00:00+00:00
[2024-10-30T22:33:10.904+0000] {processor.py:208} INFO - Processing /opt/airflow/dags/dag_with_s3_bucket.py took 0.085 seconds
[2024-10-30T22:33:41.397+0000] {processor.py:186} INFO - Started process (PID=17624) to work on /opt/airflow/dags/dag_with_s3_bucket.py
[2024-10-30T22:33:41.399+0000] {processor.py:914} INFO - Processing file /opt/airflow/dags/dag_with_s3_bucket.py for tasks to queue
[2024-10-30T22:33:41.401+0000] {logging_mixin.py:190} INFO - [2024-10-30T22:33:41.400+0000] {dagbag.py:588} INFO - Filling up the DagBag from /opt/airflow/dags/dag_with_s3_bucket.py
[2024-10-30T22:33:41.414+0000] {processor.py:925} INFO - DAG(s) 'dag_with_s3_bucket_v1.10' retrieved from /opt/airflow/dags/dag_with_s3_bucket.py
[2024-10-30T22:33:41.438+0000] {logging_mixin.py:190} INFO - [2024-10-30T22:33:41.437+0000] {dag.py:3239} INFO - Sync 1 DAGs
[2024-10-30T22:33:41.460+0000] {logging_mixin.py:190} INFO - [2024-10-30T22:33:41.460+0000] {dag.py:4180} INFO - Setting next_dagrun for dag_with_s3_bucket_v1.10 to 2024-10-30 00:00:00+00:00, run_after=2024-10-31 00:00:00+00:00
[2024-10-30T22:33:41.479+0000] {processor.py:208} INFO - Processing /opt/airflow/dags/dag_with_s3_bucket.py took 0.087 seconds
[2024-10-30T22:34:12.063+0000] {processor.py:186} INFO - Started process (PID=17670) to work on /opt/airflow/dags/dag_with_s3_bucket.py
[2024-10-30T22:34:12.064+0000] {processor.py:914} INFO - Processing file /opt/airflow/dags/dag_with_s3_bucket.py for tasks to queue
[2024-10-30T22:34:12.066+0000] {logging_mixin.py:190} INFO - [2024-10-30T22:34:12.065+0000] {dagbag.py:588} INFO - Filling up the DagBag from /opt/airflow/dags/dag_with_s3_bucket.py
[2024-10-30T22:34:12.078+0000] {processor.py:925} INFO - DAG(s) 'dag_with_s3_bucket_v1.10' retrieved from /opt/airflow/dags/dag_with_s3_bucket.py
[2024-10-30T22:34:12.100+0000] {logging_mixin.py:190} INFO - [2024-10-30T22:34:12.099+0000] {dag.py:3239} INFO - Sync 1 DAGs
[2024-10-30T22:34:12.126+0000] {logging_mixin.py:190} INFO - [2024-10-30T22:34:12.126+0000] {dag.py:4180} INFO - Setting next_dagrun for dag_with_s3_bucket_v1.10 to 2024-10-30 00:00:00+00:00, run_after=2024-10-31 00:00:00+00:00
[2024-10-30T22:34:12.149+0000] {processor.py:208} INFO - Processing /opt/airflow/dags/dag_with_s3_bucket.py took 0.091 seconds
[2024-10-30T22:34:42.733+0000] {processor.py:186} INFO - Started process (PID=17716) to work on /opt/airflow/dags/dag_with_s3_bucket.py
[2024-10-30T22:34:42.735+0000] {processor.py:914} INFO - Processing file /opt/airflow/dags/dag_with_s3_bucket.py for tasks to queue
[2024-10-30T22:34:42.736+0000] {logging_mixin.py:190} INFO - [2024-10-30T22:34:42.736+0000] {dagbag.py:588} INFO - Filling up the DagBag from /opt/airflow/dags/dag_with_s3_bucket.py
[2024-10-30T22:34:42.747+0000] {processor.py:925} INFO - DAG(s) 'dag_with_s3_bucket_v1.10' retrieved from /opt/airflow/dags/dag_with_s3_bucket.py
[2024-10-30T22:34:42.768+0000] {logging_mixin.py:190} INFO - [2024-10-30T22:34:42.768+0000] {dag.py:3239} INFO - Sync 1 DAGs
[2024-10-30T22:34:42.797+0000] {logging_mixin.py:190} INFO - [2024-10-30T22:34:42.797+0000] {dag.py:4180} INFO - Setting next_dagrun for dag_with_s3_bucket_v1.10 to 2024-10-30 00:00:00+00:00, run_after=2024-10-31 00:00:00+00:00
[2024-10-30T22:34:42.819+0000] {processor.py:208} INFO - Processing /opt/airflow/dags/dag_with_s3_bucket.py took 0.091 seconds
[2024-10-30T22:35:13.447+0000] {processor.py:186} INFO - Started process (PID=17762) to work on /opt/airflow/dags/dag_with_s3_bucket.py
[2024-10-30T22:35:13.448+0000] {processor.py:914} INFO - Processing file /opt/airflow/dags/dag_with_s3_bucket.py for tasks to queue
[2024-10-30T22:35:13.450+0000] {logging_mixin.py:190} INFO - [2024-10-30T22:35:13.450+0000] {dagbag.py:588} INFO - Filling up the DagBag from /opt/airflow/dags/dag_with_s3_bucket.py
[2024-10-30T22:35:13.463+0000] {processor.py:925} INFO - DAG(s) 'dag_with_s3_bucket_v1.10' retrieved from /opt/airflow/dags/dag_with_s3_bucket.py
[2024-10-30T22:35:13.486+0000] {logging_mixin.py:190} INFO - [2024-10-30T22:35:13.485+0000] {dag.py:3239} INFO - Sync 1 DAGs
[2024-10-30T22:35:13.510+0000] {logging_mixin.py:190} INFO - [2024-10-30T22:35:13.510+0000] {dag.py:4180} INFO - Setting next_dagrun for dag_with_s3_bucket_v1.10 to 2024-10-30 00:00:00+00:00, run_after=2024-10-31 00:00:00+00:00
[2024-10-30T22:35:13.532+0000] {processor.py:208} INFO - Processing /opt/airflow/dags/dag_with_s3_bucket.py took 0.092 seconds
[2024-10-30T22:35:44.084+0000] {processor.py:186} INFO - Started process (PID=17808) to work on /opt/airflow/dags/dag_with_s3_bucket.py
[2024-10-30T22:35:44.085+0000] {processor.py:914} INFO - Processing file /opt/airflow/dags/dag_with_s3_bucket.py for tasks to queue
[2024-10-30T22:35:44.087+0000] {logging_mixin.py:190} INFO - [2024-10-30T22:35:44.086+0000] {dagbag.py:588} INFO - Filling up the DagBag from /opt/airflow/dags/dag_with_s3_bucket.py
[2024-10-30T22:35:44.101+0000] {processor.py:925} INFO - DAG(s) 'dag_with_s3_bucket_v1.10' retrieved from /opt/airflow/dags/dag_with_s3_bucket.py
[2024-10-30T22:35:44.131+0000] {logging_mixin.py:190} INFO - [2024-10-30T22:35:44.130+0000] {dag.py:3239} INFO - Sync 1 DAGs
[2024-10-30T22:35:44.161+0000] {logging_mixin.py:190} INFO - [2024-10-30T22:35:44.160+0000] {dag.py:4180} INFO - Setting next_dagrun for dag_with_s3_bucket_v1.10 to 2024-10-30 00:00:00+00:00, run_after=2024-10-31 00:00:00+00:00
[2024-10-30T22:35:44.190+0000] {processor.py:208} INFO - Processing /opt/airflow/dags/dag_with_s3_bucket.py took 0.111 seconds
[2024-10-30T22:36:14.759+0000] {processor.py:186} INFO - Started process (PID=17854) to work on /opt/airflow/dags/dag_with_s3_bucket.py
[2024-10-30T22:36:14.760+0000] {processor.py:914} INFO - Processing file /opt/airflow/dags/dag_with_s3_bucket.py for tasks to queue
[2024-10-30T22:36:14.763+0000] {logging_mixin.py:190} INFO - [2024-10-30T22:36:14.763+0000] {dagbag.py:588} INFO - Filling up the DagBag from /opt/airflow/dags/dag_with_s3_bucket.py
[2024-10-30T22:36:14.777+0000] {processor.py:925} INFO - DAG(s) 'dag_with_s3_bucket_v1.10' retrieved from /opt/airflow/dags/dag_with_s3_bucket.py
[2024-10-30T22:36:14.800+0000] {logging_mixin.py:190} INFO - [2024-10-30T22:36:14.800+0000] {dag.py:3239} INFO - Sync 1 DAGs
[2024-10-30T22:36:14.826+0000] {logging_mixin.py:190} INFO - [2024-10-30T22:36:14.826+0000] {dag.py:4180} INFO - Setting next_dagrun for dag_with_s3_bucket_v1.10 to 2024-10-30 00:00:00+00:00, run_after=2024-10-31 00:00:00+00:00
[2024-10-30T22:36:14.847+0000] {processor.py:208} INFO - Processing /opt/airflow/dags/dag_with_s3_bucket.py took 0.095 seconds
[2024-10-30T22:36:45.390+0000] {processor.py:186} INFO - Started process (PID=17900) to work on /opt/airflow/dags/dag_with_s3_bucket.py
[2024-10-30T22:36:45.392+0000] {processor.py:914} INFO - Processing file /opt/airflow/dags/dag_with_s3_bucket.py for tasks to queue
[2024-10-30T22:36:45.393+0000] {logging_mixin.py:190} INFO - [2024-10-30T22:36:45.393+0000] {dagbag.py:588} INFO - Filling up the DagBag from /opt/airflow/dags/dag_with_s3_bucket.py
[2024-10-30T22:36:45.404+0000] {processor.py:925} INFO - DAG(s) 'dag_with_s3_bucket_v1.10' retrieved from /opt/airflow/dags/dag_with_s3_bucket.py
[2024-10-30T22:36:45.424+0000] {logging_mixin.py:190} INFO - [2024-10-30T22:36:45.424+0000] {dag.py:3239} INFO - Sync 1 DAGs
[2024-10-30T22:36:45.450+0000] {logging_mixin.py:190} INFO - [2024-10-30T22:36:45.449+0000] {dag.py:4180} INFO - Setting next_dagrun for dag_with_s3_bucket_v1.10 to 2024-10-30 00:00:00+00:00, run_after=2024-10-31 00:00:00+00:00
[2024-10-30T22:36:45.472+0000] {processor.py:208} INFO - Processing /opt/airflow/dags/dag_with_s3_bucket.py took 0.087 seconds
[2024-10-30T22:37:16.016+0000] {processor.py:186} INFO - Started process (PID=17946) to work on /opt/airflow/dags/dag_with_s3_bucket.py
[2024-10-30T22:37:16.017+0000] {processor.py:914} INFO - Processing file /opt/airflow/dags/dag_with_s3_bucket.py for tasks to queue
[2024-10-30T22:37:16.019+0000] {logging_mixin.py:190} INFO - [2024-10-30T22:37:16.019+0000] {dagbag.py:588} INFO - Filling up the DagBag from /opt/airflow/dags/dag_with_s3_bucket.py
[2024-10-30T22:37:16.029+0000] {processor.py:925} INFO - DAG(s) 'dag_with_s3_bucket_v1.10' retrieved from /opt/airflow/dags/dag_with_s3_bucket.py
[2024-10-30T22:37:16.046+0000] {logging_mixin.py:190} INFO - [2024-10-30T22:37:16.046+0000] {dag.py:3239} INFO - Sync 1 DAGs
[2024-10-30T22:37:16.068+0000] {logging_mixin.py:190} INFO - [2024-10-30T22:37:16.068+0000] {dag.py:4180} INFO - Setting next_dagrun for dag_with_s3_bucket_v1.10 to 2024-10-30 00:00:00+00:00, run_after=2024-10-31 00:00:00+00:00
[2024-10-30T22:37:16.087+0000] {processor.py:208} INFO - Processing /opt/airflow/dags/dag_with_s3_bucket.py took 0.075 seconds
[2024-10-30T22:37:46.654+0000] {processor.py:186} INFO - Started process (PID=17992) to work on /opt/airflow/dags/dag_with_s3_bucket.py
[2024-10-30T22:37:46.657+0000] {processor.py:914} INFO - Processing file /opt/airflow/dags/dag_with_s3_bucket.py for tasks to queue
[2024-10-30T22:37:46.659+0000] {logging_mixin.py:190} INFO - [2024-10-30T22:37:46.659+0000] {dagbag.py:588} INFO - Filling up the DagBag from /opt/airflow/dags/dag_with_s3_bucket.py
[2024-10-30T22:37:46.675+0000] {processor.py:925} INFO - DAG(s) 'dag_with_s3_bucket_v1.10' retrieved from /opt/airflow/dags/dag_with_s3_bucket.py
[2024-10-30T22:37:46.703+0000] {logging_mixin.py:190} INFO - [2024-10-30T22:37:46.703+0000] {dag.py:3239} INFO - Sync 1 DAGs
[2024-10-30T22:37:46.741+0000] {logging_mixin.py:190} INFO - [2024-10-30T22:37:46.741+0000] {dag.py:4180} INFO - Setting next_dagrun for dag_with_s3_bucket_v1.10 to 2024-10-30 00:00:00+00:00, run_after=2024-10-31 00:00:00+00:00
[2024-10-30T22:37:46.766+0000] {processor.py:208} INFO - Processing /opt/airflow/dags/dag_with_s3_bucket.py took 0.119 seconds
[2024-10-30T22:38:17.425+0000] {processor.py:186} INFO - Started process (PID=18038) to work on /opt/airflow/dags/dag_with_s3_bucket.py
[2024-10-30T22:38:17.426+0000] {processor.py:914} INFO - Processing file /opt/airflow/dags/dag_with_s3_bucket.py for tasks to queue
[2024-10-30T22:38:17.428+0000] {logging_mixin.py:190} INFO - [2024-10-30T22:38:17.428+0000] {dagbag.py:588} INFO - Filling up the DagBag from /opt/airflow/dags/dag_with_s3_bucket.py
[2024-10-30T22:38:17.440+0000] {processor.py:925} INFO - DAG(s) 'dag_with_s3_bucket_v1.10' retrieved from /opt/airflow/dags/dag_with_s3_bucket.py
[2024-10-30T22:38:17.459+0000] {logging_mixin.py:190} INFO - [2024-10-30T22:38:17.459+0000] {dag.py:3239} INFO - Sync 1 DAGs
[2024-10-30T22:38:17.481+0000] {logging_mixin.py:190} INFO - [2024-10-30T22:38:17.481+0000] {dag.py:4180} INFO - Setting next_dagrun for dag_with_s3_bucket_v1.10 to 2024-10-30 00:00:00+00:00, run_after=2024-10-31 00:00:00+00:00
[2024-10-30T22:38:17.500+0000] {processor.py:208} INFO - Processing /opt/airflow/dags/dag_with_s3_bucket.py took 0.081 seconds
[2024-10-30T22:38:48.252+0000] {processor.py:186} INFO - Started process (PID=18084) to work on /opt/airflow/dags/dag_with_s3_bucket.py
[2024-10-30T22:38:48.254+0000] {processor.py:914} INFO - Processing file /opt/airflow/dags/dag_with_s3_bucket.py for tasks to queue
[2024-10-30T22:38:48.255+0000] {logging_mixin.py:190} INFO - [2024-10-30T22:38:48.255+0000] {dagbag.py:588} INFO - Filling up the DagBag from /opt/airflow/dags/dag_with_s3_bucket.py
[2024-10-30T22:38:48.268+0000] {processor.py:925} INFO - DAG(s) 'dag_with_s3_bucket_v1.10' retrieved from /opt/airflow/dags/dag_with_s3_bucket.py
[2024-10-30T22:38:48.290+0000] {logging_mixin.py:190} INFO - [2024-10-30T22:38:48.289+0000] {dag.py:3239} INFO - Sync 1 DAGs
[2024-10-30T22:38:48.315+0000] {logging_mixin.py:190} INFO - [2024-10-30T22:38:48.315+0000] {dag.py:4180} INFO - Setting next_dagrun for dag_with_s3_bucket_v1.10 to 2024-10-30 00:00:00+00:00, run_after=2024-10-31 00:00:00+00:00
[2024-10-30T22:38:48.334+0000] {processor.py:208} INFO - Processing /opt/airflow/dags/dag_with_s3_bucket.py took 0.088 seconds
[2024-10-30T22:39:18.915+0000] {processor.py:186} INFO - Started process (PID=18130) to work on /opt/airflow/dags/dag_with_s3_bucket.py
[2024-10-30T22:39:18.918+0000] {processor.py:914} INFO - Processing file /opt/airflow/dags/dag_with_s3_bucket.py for tasks to queue
[2024-10-30T22:39:18.920+0000] {logging_mixin.py:190} INFO - [2024-10-30T22:39:18.919+0000] {dagbag.py:588} INFO - Filling up the DagBag from /opt/airflow/dags/dag_with_s3_bucket.py
[2024-10-30T22:39:18.932+0000] {processor.py:925} INFO - DAG(s) 'dag_with_s3_bucket_v1.10' retrieved from /opt/airflow/dags/dag_with_s3_bucket.py
[2024-10-30T22:39:18.954+0000] {logging_mixin.py:190} INFO - [2024-10-30T22:39:18.954+0000] {dag.py:3239} INFO - Sync 1 DAGs
[2024-10-30T22:39:18.978+0000] {logging_mixin.py:190} INFO - [2024-10-30T22:39:18.978+0000] {dag.py:4180} INFO - Setting next_dagrun for dag_with_s3_bucket_v1.10 to 2024-10-30 00:00:00+00:00, run_after=2024-10-31 00:00:00+00:00
[2024-10-30T22:39:18.999+0000] {processor.py:208} INFO - Processing /opt/airflow/dags/dag_with_s3_bucket.py took 0.090 seconds
[2024-10-30T22:39:49.693+0000] {processor.py:186} INFO - Started process (PID=18176) to work on /opt/airflow/dags/dag_with_s3_bucket.py
[2024-10-30T22:39:49.697+0000] {processor.py:914} INFO - Processing file /opt/airflow/dags/dag_with_s3_bucket.py for tasks to queue
[2024-10-30T22:39:49.705+0000] {logging_mixin.py:190} INFO - [2024-10-30T22:39:49.705+0000] {dagbag.py:588} INFO - Filling up the DagBag from /opt/airflow/dags/dag_with_s3_bucket.py
[2024-10-30T22:39:49.731+0000] {processor.py:925} INFO - DAG(s) 'dag_with_s3_bucket_v1.10' retrieved from /opt/airflow/dags/dag_with_s3_bucket.py
[2024-10-30T22:39:49.770+0000] {logging_mixin.py:190} INFO - [2024-10-30T22:39:49.770+0000] {dag.py:3239} INFO - Sync 1 DAGs
[2024-10-30T22:39:49.815+0000] {logging_mixin.py:190} INFO - [2024-10-30T22:39:49.814+0000] {dag.py:4180} INFO - Setting next_dagrun for dag_with_s3_bucket_v1.10 to 2024-10-30 00:00:00+00:00, run_after=2024-10-31 00:00:00+00:00
[2024-10-30T22:39:49.842+0000] {processor.py:208} INFO - Processing /opt/airflow/dags/dag_with_s3_bucket.py took 0.161 seconds
[2024-10-30T22:40:20.362+0000] {processor.py:186} INFO - Started process (PID=18222) to work on /opt/airflow/dags/dag_with_s3_bucket.py
[2024-10-30T22:40:20.363+0000] {processor.py:914} INFO - Processing file /opt/airflow/dags/dag_with_s3_bucket.py for tasks to queue
[2024-10-30T22:40:20.365+0000] {logging_mixin.py:190} INFO - [2024-10-30T22:40:20.365+0000] {dagbag.py:588} INFO - Filling up the DagBag from /opt/airflow/dags/dag_with_s3_bucket.py
[2024-10-30T22:40:20.378+0000] {processor.py:925} INFO - DAG(s) 'dag_with_s3_bucket_v1.10' retrieved from /opt/airflow/dags/dag_with_s3_bucket.py
[2024-10-30T22:40:20.403+0000] {logging_mixin.py:190} INFO - [2024-10-30T22:40:20.403+0000] {dag.py:3239} INFO - Sync 1 DAGs
[2024-10-30T22:40:20.432+0000] {logging_mixin.py:190} INFO - [2024-10-30T22:40:20.431+0000] {dag.py:4180} INFO - Setting next_dagrun for dag_with_s3_bucket_v1.10 to 2024-10-30 00:00:00+00:00, run_after=2024-10-31 00:00:00+00:00
[2024-10-30T22:40:20.458+0000] {processor.py:208} INFO - Processing /opt/airflow/dags/dag_with_s3_bucket.py took 0.102 seconds
[2024-10-30T22:40:50.994+0000] {processor.py:186} INFO - Started process (PID=18268) to work on /opt/airflow/dags/dag_with_s3_bucket.py
[2024-10-30T22:40:50.995+0000] {processor.py:914} INFO - Processing file /opt/airflow/dags/dag_with_s3_bucket.py for tasks to queue
[2024-10-30T22:40:50.997+0000] {logging_mixin.py:190} INFO - [2024-10-30T22:40:50.996+0000] {dagbag.py:588} INFO - Filling up the DagBag from /opt/airflow/dags/dag_with_s3_bucket.py
[2024-10-30T22:40:51.009+0000] {processor.py:925} INFO - DAG(s) 'dag_with_s3_bucket_v1.10' retrieved from /opt/airflow/dags/dag_with_s3_bucket.py
[2024-10-30T22:40:51.030+0000] {logging_mixin.py:190} INFO - [2024-10-30T22:40:51.030+0000] {dag.py:3239} INFO - Sync 1 DAGs
[2024-10-30T22:40:51.056+0000] {logging_mixin.py:190} INFO - [2024-10-30T22:40:51.055+0000] {dag.py:4180} INFO - Setting next_dagrun for dag_with_s3_bucket_v1.10 to 2024-10-30 00:00:00+00:00, run_after=2024-10-31 00:00:00+00:00
[2024-10-30T22:40:51.076+0000] {processor.py:208} INFO - Processing /opt/airflow/dags/dag_with_s3_bucket.py took 0.089 seconds
