[2024-10-30T22:32:34.118+0000] {processor.py:186} INFO - Started process (PID=17527) to work on /opt/airflow/dags/our_first_dag.py
[2024-10-30T22:32:34.120+0000] {processor.py:914} INFO - Processing file /opt/airflow/dags/our_first_dag.py for tasks to queue
[2024-10-30T22:32:34.121+0000] {logging_mixin.py:190} INFO - [2024-10-30T22:32:34.121+0000] {dagbag.py:588} INFO - Filling up the DagBag from /opt/airflow/dags/our_first_dag.py
[2024-10-30T22:32:34.134+0000] {processor.py:925} INFO - DAG(s) 'our_first_dag_v3' retrieved from /opt/airflow/dags/our_first_dag.py
[2024-10-30T22:32:34.154+0000] {logging_mixin.py:190} INFO - [2024-10-30T22:32:34.154+0000] {dag.py:3239} INFO - Sync 1 DAGs
[2024-10-30T22:32:34.181+0000] {logging_mixin.py:190} INFO - [2024-10-30T22:32:34.181+0000] {dag.py:4180} INFO - Setting next_dagrun for our_first_dag_v3 to 2024-10-21 00:00:00+00:00, run_after=2024-10-22 00:00:00+00:00
[2024-10-30T22:32:34.200+0000] {processor.py:208} INFO - Processing /opt/airflow/dags/our_first_dag.py took 0.087 seconds
[2024-10-30T22:33:04.770+0000] {processor.py:186} INFO - Started process (PID=17573) to work on /opt/airflow/dags/our_first_dag.py
[2024-10-30T22:33:04.772+0000] {processor.py:914} INFO - Processing file /opt/airflow/dags/our_first_dag.py for tasks to queue
[2024-10-30T22:33:04.774+0000] {logging_mixin.py:190} INFO - [2024-10-30T22:33:04.773+0000] {dagbag.py:588} INFO - Filling up the DagBag from /opt/airflow/dags/our_first_dag.py
[2024-10-30T22:33:04.788+0000] {processor.py:925} INFO - DAG(s) 'our_first_dag_v3' retrieved from /opt/airflow/dags/our_first_dag.py
[2024-10-30T22:33:04.811+0000] {logging_mixin.py:190} INFO - [2024-10-30T22:33:04.810+0000] {dag.py:3239} INFO - Sync 1 DAGs
[2024-10-30T22:33:04.839+0000] {logging_mixin.py:190} INFO - [2024-10-30T22:33:04.839+0000] {dag.py:4180} INFO - Setting next_dagrun for our_first_dag_v3 to 2024-10-21 00:00:00+00:00, run_after=2024-10-22 00:00:00+00:00
[2024-10-30T22:33:04.860+0000] {processor.py:208} INFO - Processing /opt/airflow/dags/our_first_dag.py took 0.095 seconds
[2024-10-30T22:33:35.359+0000] {processor.py:186} INFO - Started process (PID=17619) to work on /opt/airflow/dags/our_first_dag.py
[2024-10-30T22:33:35.360+0000] {processor.py:914} INFO - Processing file /opt/airflow/dags/our_first_dag.py for tasks to queue
[2024-10-30T22:33:35.362+0000] {logging_mixin.py:190} INFO - [2024-10-30T22:33:35.362+0000] {dagbag.py:588} INFO - Filling up the DagBag from /opt/airflow/dags/our_first_dag.py
[2024-10-30T22:33:35.377+0000] {processor.py:925} INFO - DAG(s) 'our_first_dag_v3' retrieved from /opt/airflow/dags/our_first_dag.py
[2024-10-30T22:33:35.398+0000] {logging_mixin.py:190} INFO - [2024-10-30T22:33:35.397+0000] {dag.py:3239} INFO - Sync 1 DAGs
[2024-10-30T22:33:35.421+0000] {logging_mixin.py:190} INFO - [2024-10-30T22:33:35.420+0000] {dag.py:4180} INFO - Setting next_dagrun for our_first_dag_v3 to 2024-10-21 00:00:00+00:00, run_after=2024-10-22 00:00:00+00:00
[2024-10-30T22:33:35.439+0000] {processor.py:208} INFO - Processing /opt/airflow/dags/our_first_dag.py took 0.086 seconds
[2024-10-30T22:34:06.001+0000] {processor.py:186} INFO - Started process (PID=17665) to work on /opt/airflow/dags/our_first_dag.py
[2024-10-30T22:34:06.003+0000] {processor.py:914} INFO - Processing file /opt/airflow/dags/our_first_dag.py for tasks to queue
[2024-10-30T22:34:06.007+0000] {logging_mixin.py:190} INFO - [2024-10-30T22:34:06.007+0000] {dagbag.py:588} INFO - Filling up the DagBag from /opt/airflow/dags/our_first_dag.py
[2024-10-30T22:34:06.023+0000] {processor.py:925} INFO - DAG(s) 'our_first_dag_v3' retrieved from /opt/airflow/dags/our_first_dag.py
[2024-10-30T22:34:06.045+0000] {logging_mixin.py:190} INFO - [2024-10-30T22:34:06.045+0000] {dag.py:3239} INFO - Sync 1 DAGs
[2024-10-30T22:34:06.067+0000] {logging_mixin.py:190} INFO - [2024-10-30T22:34:06.067+0000] {dag.py:4180} INFO - Setting next_dagrun for our_first_dag_v3 to 2024-10-21 00:00:00+00:00, run_after=2024-10-22 00:00:00+00:00
[2024-10-30T22:34:06.086+0000] {processor.py:208} INFO - Processing /opt/airflow/dags/our_first_dag.py took 0.092 seconds
[2024-10-30T22:34:36.680+0000] {processor.py:186} INFO - Started process (PID=17711) to work on /opt/airflow/dags/our_first_dag.py
[2024-10-30T22:34:36.681+0000] {processor.py:914} INFO - Processing file /opt/airflow/dags/our_first_dag.py for tasks to queue
[2024-10-30T22:34:36.683+0000] {logging_mixin.py:190} INFO - [2024-10-30T22:34:36.683+0000] {dagbag.py:588} INFO - Filling up the DagBag from /opt/airflow/dags/our_first_dag.py
[2024-10-30T22:34:36.696+0000] {processor.py:925} INFO - DAG(s) 'our_first_dag_v3' retrieved from /opt/airflow/dags/our_first_dag.py
[2024-10-30T22:34:36.717+0000] {logging_mixin.py:190} INFO - [2024-10-30T22:34:36.717+0000] {dag.py:3239} INFO - Sync 1 DAGs
[2024-10-30T22:34:36.745+0000] {logging_mixin.py:190} INFO - [2024-10-30T22:34:36.745+0000] {dag.py:4180} INFO - Setting next_dagrun for our_first_dag_v3 to 2024-10-21 00:00:00+00:00, run_after=2024-10-22 00:00:00+00:00
[2024-10-30T22:34:36.765+0000] {processor.py:208} INFO - Processing /opt/airflow/dags/our_first_dag.py took 0.091 seconds
[2024-10-30T22:35:07.395+0000] {processor.py:186} INFO - Started process (PID=17757) to work on /opt/airflow/dags/our_first_dag.py
[2024-10-30T22:35:07.397+0000] {processor.py:914} INFO - Processing file /opt/airflow/dags/our_first_dag.py for tasks to queue
[2024-10-30T22:35:07.398+0000] {logging_mixin.py:190} INFO - [2024-10-30T22:35:07.398+0000] {dagbag.py:588} INFO - Filling up the DagBag from /opt/airflow/dags/our_first_dag.py
[2024-10-30T22:35:07.410+0000] {processor.py:925} INFO - DAG(s) 'our_first_dag_v3' retrieved from /opt/airflow/dags/our_first_dag.py
[2024-10-30T22:35:07.430+0000] {logging_mixin.py:190} INFO - [2024-10-30T22:35:07.430+0000] {dag.py:3239} INFO - Sync 1 DAGs
[2024-10-30T22:35:07.454+0000] {logging_mixin.py:190} INFO - [2024-10-30T22:35:07.453+0000] {dag.py:4180} INFO - Setting next_dagrun for our_first_dag_v3 to 2024-10-21 00:00:00+00:00, run_after=2024-10-22 00:00:00+00:00
[2024-10-30T22:35:07.471+0000] {processor.py:208} INFO - Processing /opt/airflow/dags/our_first_dag.py took 0.081 seconds
[2024-10-30T22:35:38.035+0000] {processor.py:186} INFO - Started process (PID=17803) to work on /opt/airflow/dags/our_first_dag.py
[2024-10-30T22:35:38.036+0000] {processor.py:914} INFO - Processing file /opt/airflow/dags/our_first_dag.py for tasks to queue
[2024-10-30T22:35:38.038+0000] {logging_mixin.py:190} INFO - [2024-10-30T22:35:38.038+0000] {dagbag.py:588} INFO - Filling up the DagBag from /opt/airflow/dags/our_first_dag.py
[2024-10-30T22:35:38.051+0000] {processor.py:925} INFO - DAG(s) 'our_first_dag_v3' retrieved from /opt/airflow/dags/our_first_dag.py
[2024-10-30T22:35:38.071+0000] {logging_mixin.py:190} INFO - [2024-10-30T22:35:38.071+0000] {dag.py:3239} INFO - Sync 1 DAGs
[2024-10-30T22:35:38.094+0000] {logging_mixin.py:190} INFO - [2024-10-30T22:35:38.094+0000] {dag.py:4180} INFO - Setting next_dagrun for our_first_dag_v3 to 2024-10-21 00:00:00+00:00, run_after=2024-10-22 00:00:00+00:00
[2024-10-30T22:35:38.115+0000] {processor.py:208} INFO - Processing /opt/airflow/dags/our_first_dag.py took 0.086 seconds
[2024-10-30T22:36:08.703+0000] {processor.py:186} INFO - Started process (PID=17849) to work on /opt/airflow/dags/our_first_dag.py
[2024-10-30T22:36:08.706+0000] {processor.py:914} INFO - Processing file /opt/airflow/dags/our_first_dag.py for tasks to queue
[2024-10-30T22:36:08.708+0000] {logging_mixin.py:190} INFO - [2024-10-30T22:36:08.708+0000] {dagbag.py:588} INFO - Filling up the DagBag from /opt/airflow/dags/our_first_dag.py
[2024-10-30T22:36:08.734+0000] {processor.py:925} INFO - DAG(s) 'our_first_dag_v3' retrieved from /opt/airflow/dags/our_first_dag.py
[2024-10-30T22:36:08.774+0000] {logging_mixin.py:190} INFO - [2024-10-30T22:36:08.773+0000] {dag.py:3239} INFO - Sync 1 DAGs
[2024-10-30T22:36:08.824+0000] {logging_mixin.py:190} INFO - [2024-10-30T22:36:08.824+0000] {dag.py:4180} INFO - Setting next_dagrun for our_first_dag_v3 to 2024-10-21 00:00:00+00:00, run_after=2024-10-22 00:00:00+00:00
[2024-10-30T22:36:08.866+0000] {processor.py:208} INFO - Processing /opt/airflow/dags/our_first_dag.py took 0.170 seconds
[2024-10-30T22:36:39.245+0000] {processor.py:186} INFO - Started process (PID=17895) to work on /opt/airflow/dags/our_first_dag.py
[2024-10-30T22:36:39.247+0000] {processor.py:914} INFO - Processing file /opt/airflow/dags/our_first_dag.py for tasks to queue
[2024-10-30T22:36:39.251+0000] {logging_mixin.py:190} INFO - [2024-10-30T22:36:39.250+0000] {dagbag.py:588} INFO - Filling up the DagBag from /opt/airflow/dags/our_first_dag.py
[2024-10-30T22:36:39.265+0000] {processor.py:925} INFO - DAG(s) 'our_first_dag_v3' retrieved from /opt/airflow/dags/our_first_dag.py
[2024-10-30T22:36:39.287+0000] {logging_mixin.py:190} INFO - [2024-10-30T22:36:39.286+0000] {dag.py:3239} INFO - Sync 1 DAGs
[2024-10-30T22:36:39.311+0000] {logging_mixin.py:190} INFO - [2024-10-30T22:36:39.311+0000] {dag.py:4180} INFO - Setting next_dagrun for our_first_dag_v3 to 2024-10-21 00:00:00+00:00, run_after=2024-10-22 00:00:00+00:00
[2024-10-30T22:36:39.332+0000] {processor.py:208} INFO - Processing /opt/airflow/dags/our_first_dag.py took 0.093 seconds
